<?xml version="1.0" encoding="UTF-8" standalone="yes"?><!DOCTYPE report PUBLIC "-//JACOCO//DTD Report 1.1//EN" "report.dtd"><report name="com.irurueta:reactor-workshop"><sessioninfo id="travis-job-f87040b0-4d62-4b12-86b2-831d6b2884b4-c165ff49" start="1626385101091" dump="1626385110936"/><sessioninfo id="travis-job-f87040b0-4d62-4b12-86b2-831d6b2884b4-5c0f1606" start="1626385118424" dump="1626385135023"/><package name="com/irurueta/reactorworkshop"><class name="com/irurueta/reactorworkshop/SwaggerConfiguration" sourcefilename="SwaggerConfiguration.java"><method name="&lt;init&gt;" desc="()V" line="33"><counter type="INSTRUCTION" missed="0" covered="3"/><counter type="LINE" missed="0" covered="1"/><counter type="COMPLEXITY" missed="0" covered="1"/><counter type="METHOD" missed="0" covered="1"/></method><method name="api" desc="()Lspringfox/documentation/spring/web/plugins/Docket;" line="42"><counter type="INSTRUCTION" missed="0" covered="15"/><counter type="LINE" missed="0" covered="5"/><counter type="COMPLEXITY" missed="0" covered="1"/><counter type="METHOD" missed="0" covered="1"/></method><method name="getApiInfo" desc="()Lspringfox/documentation/service/ApiInfo;" line="55"><counter type="INSTRUCTION" missed="0" covered="17"/><counter type="LINE" missed="0" covered="2"/><counter type="COMPLEXITY" missed="0" covered="1"/><counter type="METHOD" missed="0" covered="1"/></method><counter type="INSTRUCTION" missed="0" covered="35"/><counter type="LINE" missed="0" covered="8"/><counter type="COMPLEXITY" missed="0" covered="3"/><counter type="METHOD" missed="0" covered="3"/><counter type="CLASS" missed="0" covered="1"/></class><class name="com/irurueta/reactorworkshop/MemoryUsageEstimator" sourcefilename="MemoryUsageEstimator.java"><method name="&lt;init&gt;" desc="()V" line="24"><counter type="INSTRUCTION" missed="0" covered="3"/><counter type="LINE" missed="0" covered="1"/><counter type="COMPLEXITY" missed="0" covered="1"/><counter type="METHOD" missed="0" covered="1"/></method><method name="getMemoryUsageBytes" desc="()J" line="32"><counter type="INSTRUCTION" missed="0" covered="12"/><counter type="LINE" missed="0" covered="4"/><counter type="COMPLEXITY" missed="0" covered="1"/><counter type="METHOD" missed="0" covered="1"/></method><counter type="INSTRUCTION" missed="0" covered="15"/><counter type="LINE" missed="0" covered="5"/><counter type="COMPLEXITY" missed="0" covered="2"/><counter type="METHOD" missed="0" covered="2"/><counter type="CLASS" missed="0" covered="1"/></class><class name="com/irurueta/reactorworkshop/ReactorWorkshopApplication" sourcefilename="ReactorWorkshopApplication.java"><method name="&lt;init&gt;" desc="()V" line="25"><counter type="INSTRUCTION" missed="0" covered="3"/><counter type="LINE" missed="0" covered="1"/><counter type="COMPLEXITY" missed="0" covered="1"/><counter type="METHOD" missed="0" covered="1"/></method><method name="main" desc="([Ljava/lang/String;)V" line="33"><counter type="INSTRUCTION" missed="5" covered="0"/><counter type="LINE" missed="2" covered="0"/><counter type="COMPLEXITY" missed="1" covered="0"/><counter type="METHOD" missed="1" covered="0"/></method><counter type="INSTRUCTION" missed="5" covered="3"/><counter type="LINE" missed="2" covered="1"/><counter type="COMPLEXITY" missed="1" covered="1"/><counter type="METHOD" missed="1" covered="1"/><counter type="CLASS" missed="0" covered="1"/></class><class name="com/irurueta/reactorworkshop/ReactorWorkshopConfiguration" sourcefilename="ReactorWorkshopConfiguration.java"><method name="&lt;init&gt;" desc="()V" line="11"><counter type="INSTRUCTION" missed="0" covered="3"/><counter type="LINE" missed="0" covered="1"/><counter type="COMPLEXITY" missed="0" covered="1"/><counter type="METHOD" missed="0" covered="1"/></method><method name="getMaxPolynomialDegree" desc="()I" line="39"><counter type="INSTRUCTION" missed="0" covered="3"/><counter type="LINE" missed="0" covered="1"/><counter type="COMPLEXITY" missed="0" covered="1"/><counter type="METHOD" missed="0" covered="1"/></method><method name="setMaxPolynomialDegree" desc="(I)V" line="49"><counter type="INSTRUCTION" missed="0" covered="13"/><counter type="BRANCH" missed="0" covered="2"/><counter type="LINE" missed="0" covered="4"/><counter type="COMPLEXITY" missed="0" covered="2"/><counter type="METHOD" missed="0" covered="1"/></method><method name="getMaxPolynomialTreeDepth" desc="()I" line="61"><counter type="INSTRUCTION" missed="0" covered="3"/><counter type="LINE" missed="0" covered="1"/><counter type="COMPLEXITY" missed="0" covered="1"/><counter type="METHOD" missed="0" covered="1"/></method><method name="setMaxPolynomialTreeDepth" desc="(I)V" line="71"><counter type="INSTRUCTION" missed="0" covered="13"/><counter type="BRANCH" missed="0" covered="2"/><counter type="LINE" missed="0" covered="4"/><counter type="COMPLEXITY" missed="0" covered="2"/><counter type="METHOD" missed="0" covered="1"/></method><method name="getMaxPolynomialCount" desc="()I" line="84"><counter type="INSTRUCTION" missed="0" covered="3"/><counter type="LINE" missed="0" covered="1"/><counter type="COMPLEXITY" missed="0" covered="1"/><counter type="METHOD" missed="0" covered="1"/></method><method name="setMaxPolynomialCount" desc="(I)V" line="94"><counter type="INSTRUCTION" missed="0" covered="13"/><counter type="BRANCH" missed="0" covered="2"/><counter type="LINE" missed="0" covered="4"/><counter type="COMPLEXITY" missed="0" covered="2"/><counter type="METHOD" missed="0" covered="1"/></method><method name="getMaxArithmeticSequenceCount" desc="()I" line="108"><counter type="INSTRUCTION" missed="0" covered="3"/><counter type="LINE" missed="0" covered="1"/><counter type="COMPLEXITY" missed="0" covered="1"/><counter type="METHOD" missed="0" covered="1"/></method><method name="setMaxArithmeticSequenceCount" desc="(I)V" line="118"><counter type="INSTRUCTION" missed="0" covered="13"/><counter type="BRANCH" missed="0" covered="2"/><counter type="LINE" missed="0" covered="4"/><counter type="COMPLEXITY" missed="0" covered="2"/><counter type="METHOD" missed="0" covered="1"/></method><counter type="INSTRUCTION" missed="0" covered="67"/><counter type="BRANCH" missed="0" covered="8"/><counter type="LINE" missed="0" covered="21"/><counter type="COMPLEXITY" missed="0" covered="13"/><counter type="METHOD" missed="0" covered="9"/><counter type="CLASS" missed="0" covered="1"/></class><sourcefile name="SwaggerConfiguration.java"><line nr="33" mi="0" ci="3" mb="0" cb="0"/><line nr="42" mi="0" ci="5" mb="0" cb="0"/><line nr="43" mi="0" ci="2" mb="0" cb="0"/><line nr="44" mi="0" ci="2" mb="0" cb="0"/><line nr="45" mi="0" ci="2" mb="0" cb="0"/><line nr="46" mi="0" ci="4" mb="0" cb="0"/><line nr="55" mi="0" ci="15" mb="0" cb="0"/><line nr="65" mi="0" ci="2" mb="0" cb="0"/><counter type="INSTRUCTION" missed="0" covered="35"/><counter type="LINE" missed="0" covered="8"/><counter type="COMPLEXITY" missed="0" covered="3"/><counter type="METHOD" missed="0" covered="3"/><counter type="CLASS" missed="0" covered="1"/></sourcefile><sourcefile name="ReactorWorkshopApplication.java"><line nr="25" mi="0" ci="3" mb="0" cb="0"/><line nr="33" mi="4" ci="0" mb="0" cb="0"/><line nr="34" mi="1" ci="0" mb="0" cb="0"/><counter type="INSTRUCTION" missed="5" covered="3"/><counter type="LINE" missed="2" covered="1"/><counter type="COMPLEXITY" missed="1" covered="1"/><counter type="METHOD" missed="1" covered="1"/><counter type="CLASS" missed="0" covered="1"/></sourcefile><sourcefile name="MemoryUsageEstimator.java"><line nr="24" mi="0" ci="3" mb="0" cb="0"/><line nr="32" mi="0" ci="2" mb="0" cb="0"/><line nr="34" mi="0" ci="3" mb="0" cb="0"/><line nr="35" mi="0" ci="3" mb="0" cb="0"/><line nr="37" mi="0" ci="4" mb="0" cb="0"/><counter type="INSTRUCTION" missed="0" covered="15"/><counter type="LINE" missed="0" covered="5"/><counter type="COMPLEXITY" missed="0" covered="2"/><counter type="METHOD" missed="0" covered="2"/><counter type="CLASS" missed="0" covered="1"/></sourcefile><sourcefile name="ReactorWorkshopConfiguration.java"><line nr="11" mi="0" ci="3" mb="0" cb="0"/><line nr="39" mi="0" ci="3" mb="0" cb="0"/><line nr="49" mi="0" ci="3" mb="0" cb="2"/><line nr="50" mi="0" ci="6" mb="0" cb="0"/><line nr="52" mi="0" ci="3" mb="0" cb="0"/><line nr="53" mi="0" ci="1" mb="0" cb="0"/><line nr="61" mi="0" ci="3" mb="0" cb="0"/><line nr="71" mi="0" ci="3" mb="0" cb="2"/><line nr="72" mi="0" ci="6" mb="0" cb="0"/><line nr="75" mi="0" ci="3" mb="0" cb="0"/><line nr="76" mi="0" ci="1" mb="0" cb="0"/><line nr="84" mi="0" ci="3" mb="0" cb="0"/><line nr="94" mi="0" ci="3" mb="0" cb="2"/><line nr="95" mi="0" ci="6" mb="0" cb="0"/><line nr="99" mi="0" ci="3" mb="0" cb="0"/><line nr="100" mi="0" ci="1" mb="0" cb="0"/><line nr="108" mi="0" ci="3" mb="0" cb="0"/><line nr="118" mi="0" ci="3" mb="0" cb="2"/><line nr="119" mi="0" ci="6" mb="0" cb="0"/><line nr="123" mi="0" ci="3" mb="0" cb="0"/><line nr="124" mi="0" ci="1" mb="0" cb="0"/><counter type="INSTRUCTION" missed="0" covered="67"/><counter type="BRANCH" missed="0" covered="8"/><counter type="LINE" missed="0" covered="21"/><counter type="COMPLEXITY" missed="0" covered="13"/><counter type="METHOD" missed="0" covered="9"/><counter type="CLASS" missed="0" covered="1"/></sourcefile><counter type="INSTRUCTION" missed="5" covered="120"/><counter type="BRANCH" missed="0" covered="8"/><counter type="LINE" missed="2" covered="35"/><counter type="COMPLEXITY" missed="1" covered="19"/><counter type="METHOD" missed="1" covered="15"/><counter type="CLASS" missed="0" covered="4"/></package><package name="com/irurueta/reactorworkshop/arithmeticsequence/api/dto"><class name="com/irurueta/reactorworkshop/arithmeticsequence/api/dto/SingleArithmeticSequenceResultDto" sourcefilename="SingleArithmeticSequenceResultDto.java"><method name="&lt;init&gt;" desc="()V" line="23"><counter type="INSTRUCTION" missed="0" covered="3"/><counter type="LINE" missed="0" covered="1"/><counter type="COMPLEXITY" missed="0" covered="1"/><counter type="METHOD" missed="0" covered="1"/></method><method name="getMinValue" desc="()I" line="29"><counter type="INSTRUCTION" missed="0" covered="3"/><counter type="LINE" missed="0" covered="1"/><counter type="COMPLEXITY" missed="0" covered="1"/><counter type="METHOD" missed="0" covered="1"/></method><method name="getStep" desc="()I" line="34"><counter type="INSTRUCTION" missed="0" covered="3"/><counter type="LINE" missed="0" covered="1"/><counter type="COMPLEXITY" missed="0" covered="1"/><counter type="METHOD" missed="0" covered="1"/></method><method name="getCount" desc="()I" line="39"><counter type="INSTRUCTION" missed="0" covered="3"/><counter type="LINE" missed="0" covered="1"/><counter type="COMPLEXITY" missed="0" covered="1"/><counter type="METHOD" missed="0" covered="1"/></method><method name="getMaxValue" desc="()I" line="44"><counter type="INSTRUCTION" missed="0" covered="3"/><counter type="LINE" missed="0" covered="1"/><counter type="COMPLEXITY" missed="0" covered="1"/><counter type="METHOD" missed="0" covered="1"/></method><method name="getSum" desc="()I" line="49"><counter type="INSTRUCTION" missed="0" covered="3"/><counter type="LINE" missed="0" covered="1"/><counter type="COMPLEXITY" missed="0" covered="1"/><counter type="METHOD" missed="0" covered="1"/></method><method name="setMinValue" desc="(I)V" line="23"><counter type="INSTRUCTION" missed="0" covered="4"/><counter type="LINE" missed="0" covered="1"/><counter type="COMPLEXITY" missed="0" covered="1"/><counter type="METHOD" missed="0" covered="1"/></method><method name="setStep" desc="(I)V" line="23"><counter type="INSTRUCTION" missed="0" covered="4"/><counter type="LINE" missed="0" covered="1"/><counter type="COMPLEXITY" missed="0" covered="1"/><counter type="METHOD" missed="0" covered="1"/></method><method name="setCount" desc="(I)V" line="23"><counter type="INSTRUCTION" missed="0" covered="4"/><counter type="LINE" missed="0" covered="1"/><counter type="COMPLEXITY" missed="0" covered="1"/><counter type="METHOD" missed="0" covered="1"/></method><method name="setMaxValue" desc="(I)V" line="23"><counter type="INSTRUCTION" missed="0" covered="4"/><counter type="LINE" missed="0" covered="1"/><counter type="COMPLEXITY" missed="0" covered="1"/><counter type="METHOD" missed="0" covered="1"/></method><method name="setSum" desc="(I)V" line="23"><counter type="INSTRUCTION" missed="0" covered="4"/><counter type="LINE" missed="0" covered="1"/><counter type="COMPLEXITY" missed="0" covered="1"/><counter type="METHOD" missed="0" covered="1"/></method><method name="equals" desc="(Ljava/lang/Object;)Z" line="23"><counter type="INSTRUCTION" missed="51" covered="5"/><counter type="BRANCH" missed="15" covered="1"/><counter type="LINE" missed="0" covered="1"/><counter type="COMPLEXITY" missed="8" covered="1"/><counter type="METHOD" missed="0" covered="1"/></method><method name="canEqual" desc="(Ljava/lang/Object;)Z" line="23"><counter type="INSTRUCTION" missed="3" covered="0"/><counter type="LINE" missed="1" covered="0"/><counter type="COMPLEXITY" missed="1" covered="0"/><counter type="METHOD" missed="1" covered="0"/></method><method name="hashCode" desc="()I" line="23"><counter type="INSTRUCTION" missed="41" covered="0"/><counter type="LINE" missed="1" covered="0"/><counter type="COMPLEXITY" missed="1" covered="0"/><counter type="METHOD" missed="1" covered="0"/></method><method name="toString" desc="()Ljava/lang/String;" line="23"><counter type="INSTRUCTION" missed="12" covered="0"/><counter type="LINE" missed="1" covered="0"/><counter type="COMPLEXITY" missed="1" covered="0"/><counter type="METHOD" missed="1" covered="0"/></method><counter type="INSTRUCTION" missed="107" covered="43"/><counter type="BRANCH" missed="15" covered="1"/><counter type="LINE" missed="0" covered="6"/><counter type="COMPLEXITY" missed="11" covered="12"/><counter type="METHOD" missed="3" covered="12"/><counter type="CLASS" missed="0" covered="1"/></class><class name="com/irurueta/reactorworkshop/arithmeticsequence/api/dto/MultipleArithmeticSequenceDetailDto" sourcefilename="MultipleArithmeticSequenceDetailDto.java"><method name="&lt;init&gt;" desc="(Ljava/util/List;Ljava/lang/Long;Ljava/lang/Integer;Ljava/lang/Long;)V" line="27"><counter type="INSTRUCTION" missed="0" covered="15"/><counter type="LINE" missed="0" covered="1"/><counter type="COMPLEXITY" missed="0" covered="1"/><counter type="METHOD" missed="0" covered="1"/></method><method name="builder" desc="()Lcom/irurueta/reactorworkshop/arithmeticsequence/api/dto/MultipleArithmeticSequenceDetailDto$MultipleArithmeticSequenceDetailDtoBuilder;" line="27"><counter type="INSTRUCTION" missed="0" covered="4"/><counter type="LINE" missed="0" covered="1"/><counter type="COMPLEXITY" missed="0" covered="1"/><counter type="METHOD" missed="0" covered="1"/></method><method name="getResults" desc="()Ljava/util/List;" line="33"><counter type="INSTRUCTION" missed="0" covered="3"/><counter type="LINE" missed="0" covered="1"/><counter type="COMPLEXITY" missed="0" covered="1"/><counter type="METHOD" missed="0" covered="1"/></method><method name="getExecutionDurationSeconds" desc="()Ljava/lang/Long;" line="38"><counter type="INSTRUCTION" missed="0" covered="3"/><counter type="LINE" missed="0" covered="1"/><counter type="COMPLEXITY" missed="0" covered="1"/><counter type="METHOD" missed="0" covered="1"/></method><method name="getExecutionDurationNanos" desc="()Ljava/lang/Integer;" line="44"><counter type="INSTRUCTION" missed="0" covered="3"/><counter type="LINE" missed="0" covered="1"/><counter type="COMPLEXITY" missed="0" covered="1"/><counter type="METHOD" missed="0" covered="1"/></method><method name="getMemoryUsageBytes" desc="()Ljava/lang/Long;" line="51"><counter type="INSTRUCTION" missed="0" covered="3"/><counter type="LINE" missed="0" covered="1"/><counter type="COMPLEXITY" missed="0" covered="1"/><counter type="METHOD" missed="0" covered="1"/></method><method name="setResults" desc="(Ljava/util/List;)V" line="26"><counter type="INSTRUCTION" missed="4" covered="0"/><counter type="LINE" missed="1" covered="0"/><counter type="COMPLEXITY" missed="1" covered="0"/><counter type="METHOD" missed="1" covered="0"/></method><method name="setExecutionDurationSeconds" desc="(Ljava/lang/Long;)V" line="26"><counter type="INSTRUCTION" missed="4" covered="0"/><counter type="LINE" missed="1" covered="0"/><counter type="COMPLEXITY" missed="1" covered="0"/><counter type="METHOD" missed="1" covered="0"/></method><method name="setExecutionDurationNanos" desc="(Ljava/lang/Integer;)V" line="26"><counter type="INSTRUCTION" missed="4" covered="0"/><counter type="LINE" missed="1" covered="0"/><counter type="COMPLEXITY" missed="1" covered="0"/><counter type="METHOD" missed="1" covered="0"/></method><method name="setMemoryUsageBytes" desc="(Ljava/lang/Long;)V" line="26"><counter type="INSTRUCTION" missed="4" covered="0"/><counter type="LINE" missed="1" covered="0"/><counter type="COMPLEXITY" missed="1" covered="0"/><counter type="METHOD" missed="1" covered="0"/></method><method name="equals" desc="(Ljava/lang/Object;)Z" line="26"><counter type="INSTRUCTION" missed="89" covered="0"/><counter type="BRANCH" missed="30" covered="0"/><counter type="LINE" missed="1" covered="0"/><counter type="COMPLEXITY" missed="16" covered="0"/><counter type="METHOD" missed="1" covered="0"/></method><method name="canEqual" desc="(Ljava/lang/Object;)Z" line="26"><counter type="INSTRUCTION" missed="3" covered="0"/><counter type="LINE" missed="1" covered="0"/><counter type="COMPLEXITY" missed="1" covered="0"/><counter type="METHOD" missed="1" covered="0"/></method><method name="hashCode" desc="()I" line="26"><counter type="INSTRUCTION" missed="62" covered="0"/><counter type="BRANCH" missed="8" covered="0"/><counter type="LINE" missed="1" covered="0"/><counter type="COMPLEXITY" missed="5" covered="0"/><counter type="METHOD" missed="1" covered="0"/></method><method name="toString" desc="()Ljava/lang/String;" line="26"><counter type="INSTRUCTION" missed="0" covered="10"/><counter type="LINE" missed="0" covered="1"/><counter type="COMPLEXITY" missed="0" covered="1"/><counter type="METHOD" missed="0" covered="1"/></method><counter type="INSTRUCTION" missed="170" covered="41"/><counter type="BRANCH" missed="38" covered="0"/><counter type="LINE" missed="0" covered="6"/><counter type="COMPLEXITY" missed="26" covered="7"/><counter type="METHOD" missed="7" covered="7"/><counter type="CLASS" missed="0" covered="1"/></class><class name="com/irurueta/reactorworkshop/arithmeticsequence/api/dto/MultipleArithmeticSequenceDetailDto$MultipleArithmeticSequenceDetailDtoBuilder" sourcefilename="MultipleArithmeticSequenceDetailDto.java"><method name="&lt;init&gt;" desc="()V" line="27"><counter type="INSTRUCTION" missed="0" covered="3"/><counter type="LINE" missed="0" covered="1"/><counter type="COMPLEXITY" missed="0" covered="1"/><counter type="METHOD" missed="0" covered="1"/></method><method name="results" desc="(Ljava/util/List;)Lcom/irurueta/reactorworkshop/arithmeticsequence/api/dto/MultipleArithmeticSequenceDetailDto$MultipleArithmeticSequenceDetailDtoBuilder;" line="27"><counter type="INSTRUCTION" missed="0" covered="5"/><counter type="LINE" missed="0" covered="1"/><counter type="COMPLEXITY" missed="0" covered="1"/><counter type="METHOD" missed="0" covered="1"/></method><method name="executionDurationSeconds" desc="(Ljava/lang/Long;)Lcom/irurueta/reactorworkshop/arithmeticsequence/api/dto/MultipleArithmeticSequenceDetailDto$MultipleArithmeticSequenceDetailDtoBuilder;" line="27"><counter type="INSTRUCTION" missed="0" covered="5"/><counter type="LINE" missed="0" covered="1"/><counter type="COMPLEXITY" missed="0" covered="1"/><counter type="METHOD" missed="0" covered="1"/></method><method name="executionDurationNanos" desc="(Ljava/lang/Integer;)Lcom/irurueta/reactorworkshop/arithmeticsequence/api/dto/MultipleArithmeticSequenceDetailDto$MultipleArithmeticSequenceDetailDtoBuilder;" line="27"><counter type="INSTRUCTION" missed="0" covered="5"/><counter type="LINE" missed="0" covered="1"/><counter type="COMPLEXITY" missed="0" covered="1"/><counter type="METHOD" missed="0" covered="1"/></method><method name="memoryUsageBytes" desc="(Ljava/lang/Long;)Lcom/irurueta/reactorworkshop/arithmeticsequence/api/dto/MultipleArithmeticSequenceDetailDto$MultipleArithmeticSequenceDetailDtoBuilder;" line="27"><counter type="INSTRUCTION" missed="0" covered="5"/><counter type="LINE" missed="0" covered="1"/><counter type="COMPLEXITY" missed="0" covered="1"/><counter type="METHOD" missed="0" covered="1"/></method><method name="build" desc="()Lcom/irurueta/reactorworkshop/arithmeticsequence/api/dto/MultipleArithmeticSequenceDetailDto;" line="27"><counter type="INSTRUCTION" missed="0" covered="12"/><counter type="LINE" missed="0" covered="1"/><counter type="COMPLEXITY" missed="0" covered="1"/><counter type="METHOD" missed="0" covered="1"/></method><method name="toString" desc="()Ljava/lang/String;" line="27"><counter type="INSTRUCTION" missed="10" covered="0"/><counter type="LINE" missed="1" covered="0"/><counter type="COMPLEXITY" missed="1" covered="0"/><counter type="METHOD" missed="1" covered="0"/></method><counter type="INSTRUCTION" missed="10" covered="35"/><counter type="LINE" missed="0" covered="1"/><counter type="COMPLEXITY" missed="1" covered="6"/><counter type="METHOD" missed="1" covered="6"/><counter type="CLASS" missed="0" covered="1"/></class><class name="com/irurueta/reactorworkshop/arithmeticsequence/api/dto/MultipleArithmeticSequenceSummaryDto" sourcefilename="MultipleArithmeticSequenceSummaryDto.java"><method name="&lt;init&gt;" desc="(JILjava/lang/Long;Ljava/lang/Integer;Ljava/lang/Long;)V" line="25"><counter type="INSTRUCTION" missed="0" covered="18"/><counter type="LINE" missed="0" covered="1"/><counter type="COMPLEXITY" missed="0" covered="1"/><counter type="METHOD" missed="0" covered="1"/></method><method name="builder" desc="()Lcom/irurueta/reactorworkshop/arithmeticsequence/api/dto/MultipleArithmeticSequenceSummaryDto$MultipleArithmeticSequenceSummaryDtoBuilder;" line="25"><counter type="INSTRUCTION" missed="0" covered="4"/><counter type="LINE" missed="0" covered="1"/><counter type="COMPLEXITY" missed="0" covered="1"/><counter type="METHOD" missed="0" covered="1"/></method><method name="getTotalSum" desc="()J" line="31"><counter type="INSTRUCTION" missed="0" covered="3"/><counter type="LINE" missed="0" covered="1"/><counter type="COMPLEXITY" missed="0" covered="1"/><counter type="METHOD" missed="0" covered="1"/></method><method name="getCount" desc="()I" line="36"><counter type="INSTRUCTION" missed="0" covered="3"/><counter type="LINE" missed="0" covered="1"/><counter type="COMPLEXITY" missed="0" covered="1"/><counter type="METHOD" missed="0" covered="1"/></method><method name="getExecutionDurationSeconds" desc="()Ljava/lang/Long;" line="41"><counter type="INSTRUCTION" missed="0" covered="3"/><counter type="LINE" missed="0" covered="1"/><counter type="COMPLEXITY" missed="0" covered="1"/><counter type="METHOD" missed="0" covered="1"/></method><method name="getExecutionDurationNanos" desc="()Ljava/lang/Integer;" line="47"><counter type="INSTRUCTION" missed="0" covered="3"/><counter type="LINE" missed="0" covered="1"/><counter type="COMPLEXITY" missed="0" covered="1"/><counter type="METHOD" missed="0" covered="1"/></method><method name="getMemoryUsageBytes" desc="()Ljava/lang/Long;" line="54"><counter type="INSTRUCTION" missed="0" covered="3"/><counter type="LINE" missed="0" covered="1"/><counter type="COMPLEXITY" missed="0" covered="1"/><counter type="METHOD" missed="0" covered="1"/></method><method name="setTotalSum" desc="(J)V" line="24"><counter type="INSTRUCTION" missed="4" covered="0"/><counter type="LINE" missed="1" covered="0"/><counter type="COMPLEXITY" missed="1" covered="0"/><counter type="METHOD" missed="1" covered="0"/></method><method name="setCount" desc="(I)V" line="24"><counter type="INSTRUCTION" missed="4" covered="0"/><counter type="LINE" missed="1" covered="0"/><counter type="COMPLEXITY" missed="1" covered="0"/><counter type="METHOD" missed="1" covered="0"/></method><method name="setExecutionDurationSeconds" desc="(Ljava/lang/Long;)V" line="24"><counter type="INSTRUCTION" missed="4" covered="0"/><counter type="LINE" missed="1" covered="0"/><counter type="COMPLEXITY" missed="1" covered="0"/><counter type="METHOD" missed="1" covered="0"/></method><method name="setExecutionDurationNanos" desc="(Ljava/lang/Integer;)V" line="24"><counter type="INSTRUCTION" missed="4" covered="0"/><counter type="LINE" missed="1" covered="0"/><counter type="COMPLEXITY" missed="1" covered="0"/><counter type="METHOD" missed="1" covered="0"/></method><method name="setMemoryUsageBytes" desc="(Ljava/lang/Long;)V" line="24"><counter type="INSTRUCTION" missed="4" covered="0"/><counter type="LINE" missed="1" covered="0"/><counter type="COMPLEXITY" missed="1" covered="0"/><counter type="METHOD" missed="1" covered="0"/></method><method name="equals" desc="(Ljava/lang/Object;)Z" line="24"><counter type="INSTRUCTION" missed="87" covered="0"/><counter type="BRANCH" missed="28" covered="0"/><counter type="LINE" missed="1" covered="0"/><counter type="COMPLEXITY" missed="15" covered="0"/><counter type="METHOD" missed="1" covered="0"/></method><method name="canEqual" desc="(Ljava/lang/Object;)Z" line="24"><counter type="INSTRUCTION" missed="3" covered="0"/><counter type="LINE" missed="1" covered="0"/><counter type="COMPLEXITY" missed="1" covered="0"/><counter type="METHOD" missed="1" covered="0"/></method><method name="hashCode" desc="()I" line="24"><counter type="INSTRUCTION" missed="69" covered="0"/><counter type="BRANCH" missed="6" covered="0"/><counter type="LINE" missed="1" covered="0"/><counter type="COMPLEXITY" missed="4" covered="0"/><counter type="METHOD" missed="1" covered="0"/></method><method name="toString" desc="()Ljava/lang/String;" line="24"><counter type="INSTRUCTION" missed="0" covered="12"/><counter type="LINE" missed="0" covered="1"/><counter type="COMPLEXITY" missed="0" covered="1"/><counter type="METHOD" missed="0" covered="1"/></method><counter type="INSTRUCTION" missed="179" covered="49"/><counter type="BRANCH" missed="34" covered="0"/><counter type="LINE" missed="0" covered="7"/><counter type="COMPLEXITY" missed="25" covered="8"/><counter type="METHOD" missed="8" covered="8"/><counter type="CLASS" missed="0" covered="1"/></class><class name="com/irurueta/reactorworkshop/arithmeticsequence/api/dto/MultipleArithmeticSequenceSummaryDto$MultipleArithmeticSequenceSummaryDtoBuilder" sourcefilename="MultipleArithmeticSequenceSummaryDto.java"><method name="&lt;init&gt;" desc="()V" line="25"><counter type="INSTRUCTION" missed="0" covered="3"/><counter type="LINE" missed="0" covered="1"/><counter type="COMPLEXITY" missed="0" covered="1"/><counter type="METHOD" missed="0" covered="1"/></method><method name="totalSum" desc="(J)Lcom/irurueta/reactorworkshop/arithmeticsequence/api/dto/MultipleArithmeticSequenceSummaryDto$MultipleArithmeticSequenceSummaryDtoBuilder;" line="25"><counter type="INSTRUCTION" missed="0" covered="5"/><counter type="LINE" missed="0" covered="1"/><counter type="COMPLEXITY" missed="0" covered="1"/><counter type="METHOD" missed="0" covered="1"/></method><method name="count" desc="(I)Lcom/irurueta/reactorworkshop/arithmeticsequence/api/dto/MultipleArithmeticSequenceSummaryDto$MultipleArithmeticSequenceSummaryDtoBuilder;" line="25"><counter type="INSTRUCTION" missed="0" covered="5"/><counter type="LINE" missed="0" covered="1"/><counter type="COMPLEXITY" missed="0" covered="1"/><counter type="METHOD" missed="0" covered="1"/></method><method name="executionDurationSeconds" desc="(Ljava/lang/Long;)Lcom/irurueta/reactorworkshop/arithmeticsequence/api/dto/MultipleArithmeticSequenceSummaryDto$MultipleArithmeticSequenceSummaryDtoBuilder;" line="25"><counter type="INSTRUCTION" missed="0" covered="5"/><counter type="LINE" missed="0" covered="1"/><counter type="COMPLEXITY" missed="0" covered="1"/><counter type="METHOD" missed="0" covered="1"/></method><method name="executionDurationNanos" desc="(Ljava/lang/Integer;)Lcom/irurueta/reactorworkshop/arithmeticsequence/api/dto/MultipleArithmeticSequenceSummaryDto$MultipleArithmeticSequenceSummaryDtoBuilder;" line="25"><counter type="INSTRUCTION" missed="0" covered="5"/><counter type="LINE" missed="0" covered="1"/><counter type="COMPLEXITY" missed="0" covered="1"/><counter type="METHOD" missed="0" covered="1"/></method><method name="memoryUsageBytes" desc="(Ljava/lang/Long;)Lcom/irurueta/reactorworkshop/arithmeticsequence/api/dto/MultipleArithmeticSequenceSummaryDto$MultipleArithmeticSequenceSummaryDtoBuilder;" line="25"><counter type="INSTRUCTION" missed="0" covered="5"/><counter type="LINE" missed="0" covered="1"/><counter type="COMPLEXITY" missed="0" covered="1"/><counter type="METHOD" missed="0" covered="1"/></method><method name="build" desc="()Lcom/irurueta/reactorworkshop/arithmeticsequence/api/dto/MultipleArithmeticSequenceSummaryDto;" line="25"><counter type="INSTRUCTION" missed="0" covered="14"/><counter type="LINE" missed="0" covered="1"/><counter type="COMPLEXITY" missed="0" covered="1"/><counter type="METHOD" missed="0" covered="1"/></method><method name="toString" desc="()Ljava/lang/String;" line="25"><counter type="INSTRUCTION" missed="12" covered="0"/><counter type="LINE" missed="1" covered="0"/><counter type="COMPLEXITY" missed="1" covered="0"/><counter type="METHOD" missed="1" covered="0"/></method><counter type="INSTRUCTION" missed="12" covered="42"/><counter type="LINE" missed="0" covered="1"/><counter type="COMPLEXITY" missed="1" covered="7"/><counter type="METHOD" missed="1" covered="7"/><counter type="CLASS" missed="0" covered="1"/></class><sourcefile name="SingleArithmeticSequenceResultDto.java"><line nr="23" mi="107" ci="28" mb="15" cb="1"/><line nr="29" mi="0" ci="3" mb="0" cb="0"/><line nr="34" mi="0" ci="3" mb="0" cb="0"/><line nr="39" mi="0" ci="3" mb="0" cb="0"/><line nr="44" mi="0" ci="3" mb="0" cb="0"/><line nr="49" mi="0" ci="3" mb="0" cb="0"/><counter type="INSTRUCTION" missed="107" covered="43"/><counter type="BRANCH" missed="15" covered="1"/><counter type="LINE" missed="0" covered="6"/><counter type="COMPLEXITY" missed="11" covered="12"/><counter type="METHOD" missed="3" covered="12"/><counter type="CLASS" missed="0" covered="1"/></sourcefile><sourcefile name="MultipleArithmeticSequenceSummaryDto.java"><line nr="24" mi="179" ci="12" mb="34" cb="0"/><line nr="25" mi="12" ci="64" mb="0" cb="0"/><line nr="31" mi="0" ci="3" mb="0" cb="0"/><line nr="36" mi="0" ci="3" mb="0" cb="0"/><line nr="41" mi="0" ci="3" mb="0" cb="0"/><line nr="47" mi="0" ci="3" mb="0" cb="0"/><line nr="54" mi="0" ci="3" mb="0" cb="0"/><counter type="INSTRUCTION" missed="191" covered="91"/><counter type="BRANCH" missed="34" covered="0"/><counter type="LINE" missed="0" covered="7"/><counter type="COMPLEXITY" missed="26" covered="15"/><counter type="METHOD" missed="9" covered="15"/><counter type="CLASS" missed="0" covered="2"/></sourcefile><sourcefile name="MultipleArithmeticSequenceDetailDto.java"><line nr="26" mi="170" ci="10" mb="38" cb="0"/><line nr="27" mi="10" ci="54" mb="0" cb="0"/><line nr="33" mi="0" ci="3" mb="0" cb="0"/><line nr="38" mi="0" ci="3" mb="0" cb="0"/><line nr="44" mi="0" ci="3" mb="0" cb="0"/><line nr="51" mi="0" ci="3" mb="0" cb="0"/><counter type="INSTRUCTION" missed="180" covered="76"/><counter type="BRANCH" missed="38" covered="0"/><counter type="LINE" missed="0" covered="6"/><counter type="COMPLEXITY" missed="27" covered="13"/><counter type="METHOD" missed="8" covered="13"/><counter type="CLASS" missed="0" covered="2"/></sourcefile><counter type="INSTRUCTION" missed="478" covered="210"/><counter type="BRANCH" missed="87" covered="1"/><counter type="LINE" missed="0" covered="19"/><counter type="COMPLEXITY" missed="64" covered="40"/><counter type="METHOD" missed="20" covered="40"/><counter type="CLASS" missed="0" covered="5"/></package><package name="com/irurueta/reactorworkshop/arithmeticsequence/api/dto/factories"><class name="com/irurueta/reactorworkshop/arithmeticsequence/api/dto/factories/MultipleArithmeticSequenceSummaryDtoFactory" sourcefilename="MultipleArithmeticSequenceSummaryDtoFactory.java"><method name="&lt;init&gt;" desc="(Lcom/irurueta/reactorworkshop/MemoryUsageEstimator;)V" line="40"><counter type="INSTRUCTION" missed="0" covered="6"/><counter type="LINE" missed="0" covered="3"/><counter type="COMPLEXITY" missed="0" covered="1"/><counter type="METHOD" missed="0" covered="1"/></method><method name="build" desc="(JILjava/time/Duration;)Lcom/irurueta/reactorworkshop/arithmeticsequence/api/dto/MultipleArithmeticSequenceSummaryDto;" line="53"><counter type="INSTRUCTION" missed="0" covered="20"/><counter type="LINE" missed="0" covered="7"/><counter type="COMPLEXITY" missed="0" covered="1"/><counter type="METHOD" missed="0" covered="1"/></method><counter type="INSTRUCTION" missed="0" covered="26"/><counter type="LINE" missed="0" covered="10"/><counter type="COMPLEXITY" missed="0" covered="2"/><counter type="METHOD" missed="0" covered="2"/><counter type="CLASS" missed="0" covered="1"/></class><class name="com/irurueta/reactorworkshop/arithmeticsequence/api/dto/factories/MultipleArithmeticSequenceDetailDtoFactory" sourcefilename="MultipleArithmeticSequenceDetailDtoFactory.java"><method name="&lt;init&gt;" desc="(Lcom/irurueta/reactorworkshop/MemoryUsageEstimator;)V" line="42"><counter type="INSTRUCTION" missed="0" covered="6"/><counter type="LINE" missed="0" covered="3"/><counter type="COMPLEXITY" missed="0" covered="1"/><counter type="METHOD" missed="0" covered="1"/></method><method name="build" desc="(Ljava/util/List;Ljava/time/Duration;)Lcom/irurueta/reactorworkshop/arithmeticsequence/api/dto/MultipleArithmeticSequenceDetailDto;" line="56"><counter type="INSTRUCTION" missed="0" covered="18"/><counter type="LINE" missed="0" covered="6"/><counter type="COMPLEXITY" missed="0" covered="1"/><counter type="METHOD" missed="0" covered="1"/></method><counter type="INSTRUCTION" missed="0" covered="24"/><counter type="LINE" missed="0" covered="9"/><counter type="COMPLEXITY" missed="0" covered="2"/><counter type="METHOD" missed="0" covered="2"/><counter type="CLASS" missed="0" covered="1"/></class><sourcefile name="MultipleArithmeticSequenceDetailDtoFactory.java"><line nr="42" mi="0" ci="2" mb="0" cb="0"/><line nr="43" mi="0" ci="3" mb="0" cb="0"/><line nr="44" mi="0" ci="1" mb="0" cb="0"/><line nr="56" mi="0" ci="3" mb="0" cb="0"/><line nr="57" mi="0" ci="2" mb="0" cb="0"/><line nr="58" mi="0" ci="4" mb="0" cb="0"/><line nr="59" mi="0" ci="5" mb="0" cb="0"/><line nr="60" mi="0" ci="3" mb="0" cb="0"/><line nr="61" mi="0" ci="1" mb="0" cb="0"/><counter type="INSTRUCTION" missed="0" covered="24"/><counter type="LINE" missed="0" covered="9"/><counter type="COMPLEXITY" missed="0" covered="2"/><counter type="METHOD" missed="0" covered="2"/><counter type="CLASS" missed="0" covered="1"/></sourcefile><sourcefile name="MultipleArithmeticSequenceSummaryDtoFactory.java"><line nr="40" mi="0" ci="2" mb="0" cb="0"/><line nr="41" mi="0" ci="3" mb="0" cb="0"/><line nr="42" mi="0" ci="1" mb="0" cb="0"/><line nr="53" mi="0" ci="3" mb="0" cb="0"/><line nr="54" mi="0" ci="2" mb="0" cb="0"/><line nr="55" mi="0" ci="2" mb="0" cb="0"/><line nr="56" mi="0" ci="4" mb="0" cb="0"/><line nr="57" mi="0" ci="5" mb="0" cb="0"/><line nr="58" mi="0" ci="3" mb="0" cb="0"/><line nr="59" mi="0" ci="1" mb="0" cb="0"/><counter type="INSTRUCTION" missed="0" covered="26"/><counter type="LINE" missed="0" covered="10"/><counter type="COMPLEXITY" missed="0" covered="2"/><counter type="METHOD" missed="0" covered="2"/><counter type="CLASS" missed="0" covered="1"/></sourcefile><counter type="INSTRUCTION" missed="0" covered="50"/><counter type="LINE" missed="0" covered="19"/><counter type="COMPLEXITY" missed="0" covered="4"/><counter type="METHOD" missed="0" covered="4"/><counter type="CLASS" missed="0" covered="2"/></package><package name="com/irurueta/reactorworkshop/polynomial/api/dto"><class name="com/irurueta/reactorworkshop/polynomial/api/dto/EvaluationStepDto$EvaluationStepDtoBuilder" sourcefilename="EvaluationStepDto.java"><method name="&lt;init&gt;" desc="()V" line="25"><counter type="INSTRUCTION" missed="0" covered="3"/><counter type="LINE" missed="0" covered="1"/><counter type="COMPLEXITY" missed="0" covered="1"/><counter type="METHOD" missed="0" covered="1"/></method><method name="operation" desc="(Ljava/lang/String;)Lcom/irurueta/reactorworkshop/polynomial/api/dto/EvaluationStepDto$EvaluationStepDtoBuilder;" line="25"><counter type="INSTRUCTION" missed="0" covered="5"/><counter type="LINE" missed="0" covered="1"/><counter type="COMPLEXITY" missed="0" covered="1"/><counter type="METHOD" missed="0" covered="1"/></method><method name="operand1" desc="(Lcom/irurueta/reactorworkshop/polynomial/api/dto/EvaluationStepDto;)Lcom/irurueta/reactorworkshop/polynomial/api/dto/EvaluationStepDto$EvaluationStepDtoBuilder;" line="25"><counter type="INSTRUCTION" missed="0" covered="5"/><counter type="LINE" missed="0" covered="1"/><counter type="COMPLEXITY" missed="0" covered="1"/><counter type="METHOD" missed="0" covered="1"/></method><method name="operand2" desc="(Lcom/irurueta/reactorworkshop/polynomial/api/dto/EvaluationStepDto;)Lcom/irurueta/reactorworkshop/polynomial/api/dto/EvaluationStepDto$EvaluationStepDtoBuilder;" line="25"><counter type="INSTRUCTION" missed="0" covered="5"/><counter type="LINE" missed="0" covered="1"/><counter type="COMPLEXITY" missed="0" covered="1"/><counter type="METHOD" missed="0" covered="1"/></method><method name="literalPolynomialParameters" desc="([D)Lcom/irurueta/reactorworkshop/polynomial/api/dto/EvaluationStepDto$EvaluationStepDtoBuilder;" line="25"><counter type="INSTRUCTION" missed="0" covered="5"/><counter type="LINE" missed="0" covered="1"/><counter type="COMPLEXITY" missed="0" covered="1"/><counter type="METHOD" missed="0" covered="1"/></method><method name="build" desc="()Lcom/irurueta/reactorworkshop/polynomial/api/dto/EvaluationStepDto;" line="25"><counter type="INSTRUCTION" missed="0" covered="12"/><counter type="LINE" missed="0" covered="1"/><counter type="COMPLEXITY" missed="0" covered="1"/><counter type="METHOD" missed="0" covered="1"/></method><method name="toString" desc="()Ljava/lang/String;" line="25"><counter type="INSTRUCTION" missed="11" covered="0"/><counter type="LINE" missed="1" covered="0"/><counter type="COMPLEXITY" missed="1" covered="0"/><counter type="METHOD" missed="1" covered="0"/></method><counter type="INSTRUCTION" missed="11" covered="35"/><counter type="LINE" missed="0" covered="1"/><counter type="COMPLEXITY" missed="1" covered="6"/><counter type="METHOD" missed="1" covered="6"/><counter type="CLASS" missed="0" covered="1"/></class><class name="com/irurueta/reactorworkshop/polynomial/api/dto/EvaluationStepDto" sourcefilename="EvaluationStepDto.java"><method name="&lt;init&gt;" desc="(Ljava/lang/String;Lcom/irurueta/reactorworkshop/polynomial/api/dto/EvaluationStepDto;Lcom/irurueta/reactorworkshop/polynomial/api/dto/EvaluationStepDto;[D)V" line="25"><counter type="INSTRUCTION" missed="0" covered="15"/><counter type="LINE" missed="0" covered="1"/><counter type="COMPLEXITY" missed="0" covered="1"/><counter type="METHOD" missed="0" covered="1"/></method><method name="builder" desc="()Lcom/irurueta/reactorworkshop/polynomial/api/dto/EvaluationStepDto$EvaluationStepDtoBuilder;" line="25"><counter type="INSTRUCTION" missed="0" covered="4"/><counter type="LINE" missed="0" covered="1"/><counter type="COMPLEXITY" missed="0" covered="1"/><counter type="METHOD" missed="0" covered="1"/></method><method name="getOperation" desc="()Ljava/lang/String;" line="38"><counter type="INSTRUCTION" missed="0" covered="3"/><counter type="LINE" missed="0" covered="1"/><counter type="COMPLEXITY" missed="0" covered="1"/><counter type="METHOD" missed="0" covered="1"/></method><method name="getOperand1" desc="()Lcom/irurueta/reactorworkshop/polynomial/api/dto/EvaluationStepDto;" line="44"><counter type="INSTRUCTION" missed="0" covered="3"/><counter type="LINE" missed="0" covered="1"/><counter type="COMPLEXITY" missed="0" covered="1"/><counter type="METHOD" missed="0" covered="1"/></method><method name="getOperand2" desc="()Lcom/irurueta/reactorworkshop/polynomial/api/dto/EvaluationStepDto;" line="50"><counter type="INSTRUCTION" missed="0" covered="3"/><counter type="LINE" missed="0" covered="1"/><counter type="COMPLEXITY" missed="0" covered="1"/><counter type="METHOD" missed="0" covered="1"/></method><method name="getLiteralPolynomialParameters" desc="()[D" line="55"><counter type="INSTRUCTION" missed="0" covered="3"/><counter type="LINE" missed="0" covered="1"/><counter type="COMPLEXITY" missed="0" covered="1"/><counter type="METHOD" missed="0" covered="1"/></method><method name="setOperation" desc="(Ljava/lang/String;)V" line="24"><counter type="INSTRUCTION" missed="4" covered="0"/><counter type="LINE" missed="1" covered="0"/><counter type="COMPLEXITY" missed="1" covered="0"/><counter type="METHOD" missed="1" covered="0"/></method><method name="setOperand1" desc="(Lcom/irurueta/reactorworkshop/polynomial/api/dto/EvaluationStepDto;)V" line="24"><counter type="INSTRUCTION" missed="4" covered="0"/><counter type="LINE" missed="1" covered="0"/><counter type="COMPLEXITY" missed="1" covered="0"/><counter type="METHOD" missed="1" covered="0"/></method><method name="setOperand2" desc="(Lcom/irurueta/reactorworkshop/polynomial/api/dto/EvaluationStepDto;)V" line="24"><counter type="INSTRUCTION" missed="4" covered="0"/><counter type="LINE" missed="1" covered="0"/><counter type="COMPLEXITY" missed="1" covered="0"/><counter type="METHOD" missed="1" covered="0"/></method><method name="setLiteralPolynomialParameters" desc="([D)V" line="24"><counter type="INSTRUCTION" missed="4" covered="0"/><counter type="LINE" missed="1" covered="0"/><counter type="COMPLEXITY" missed="1" covered="0"/><counter type="METHOD" missed="1" covered="0"/></method><method name="equals" desc="(Ljava/lang/Object;)Z" line="24"><counter type="INSTRUCTION" missed="80" covered="0"/><counter type="BRANCH" missed="26" covered="0"/><counter type="LINE" missed="1" covered="0"/><counter type="COMPLEXITY" missed="14" covered="0"/><counter type="METHOD" missed="1" covered="0"/></method><method name="canEqual" desc="(Ljava/lang/Object;)Z" line="24"><counter type="INSTRUCTION" missed="3" covered="0"/><counter type="LINE" missed="1" covered="0"/><counter type="COMPLEXITY" missed="1" covered="0"/><counter type="METHOD" missed="1" covered="0"/></method><method name="hashCode" desc="()I" line="24"><counter type="INSTRUCTION" missed="56" covered="0"/><counter type="BRANCH" missed="6" covered="0"/><counter type="LINE" missed="1" covered="0"/><counter type="COMPLEXITY" missed="4" covered="0"/><counter type="METHOD" missed="1" covered="0"/></method><method name="toString" desc="()Ljava/lang/String;" line="24"><counter type="INSTRUCTION" missed="11" covered="0"/><counter type="LINE" missed="1" covered="0"/><counter type="COMPLEXITY" missed="1" covered="0"/><counter type="METHOD" missed="1" covered="0"/></method><counter type="INSTRUCTION" missed="166" covered="31"/><counter type="BRANCH" missed="32" covered="0"/><counter type="LINE" missed="1" covered="5"/><counter type="COMPLEXITY" missed="24" covered="6"/><counter type="METHOD" missed="8" covered="6"/><counter type="CLASS" missed="0" covered="1"/></class><class name="com/irurueta/reactorworkshop/polynomial/api/dto/PolynomialEvaluationResultDto" sourcefilename="PolynomialEvaluationResultDto.java"><method name="&lt;init&gt;" desc="()V" line="23"><counter type="INSTRUCTION" missed="0" covered="3"/><counter type="LINE" missed="0" covered="1"/><counter type="COMPLEXITY" missed="0" covered="1"/><counter type="METHOD" missed="0" covered="1"/></method><method name="getRoots" desc="()[Lcom/irurueta/reactorworkshop/polynomial/api/dto/ComplexDto;" line="29"><counter type="INSTRUCTION" missed="0" covered="3"/><counter type="LINE" missed="0" covered="1"/><counter type="COMPLEXITY" missed="0" covered="1"/><counter type="METHOD" missed="0" covered="1"/></method><method name="getMinima" desc="()[D" line="34"><counter type="INSTRUCTION" missed="0" covered="3"/><counter type="LINE" missed="0" covered="1"/><counter type="COMPLEXITY" missed="0" covered="1"/><counter type="METHOD" missed="0" covered="1"/></method><method name="getMaxima" desc="()[D" line="39"><counter type="INSTRUCTION" missed="0" covered="3"/><counter type="LINE" missed="0" covered="1"/><counter type="COMPLEXITY" missed="0" covered="1"/><counter type="METHOD" missed="0" covered="1"/></method><method name="getPolynomialParameters" desc="()[D" line="44"><counter type="INSTRUCTION" missed="0" covered="3"/><counter type="LINE" missed="0" covered="1"/><counter type="COMPLEXITY" missed="0" covered="1"/><counter type="METHOD" missed="0" covered="1"/></method><method name="getFirstDerivativePolynomialParameters" desc="()[D" line="49"><counter type="INSTRUCTION" missed="0" covered="3"/><counter type="LINE" missed="0" covered="1"/><counter type="COMPLEXITY" missed="0" covered="1"/><counter type="METHOD" missed="0" covered="1"/></method><method name="getSecondDerivativePolynomialParameters" desc="()[D" line="54"><counter type="INSTRUCTION" missed="0" covered="3"/><counter type="LINE" missed="0" covered="1"/><counter type="COMPLEXITY" missed="0" covered="1"/><counter type="METHOD" missed="0" covered="1"/></method><method name="getIntegrationPolynomialParameters" desc="()[D" line="59"><counter type="INSTRUCTION" missed="0" covered="3"/><counter type="LINE" missed="0" covered="1"/><counter type="COMPLEXITY" missed="0" covered="1"/><counter type="METHOD" missed="0" covered="1"/></method><method name="setRoots" desc="([Lcom/irurueta/reactorworkshop/polynomial/api/dto/ComplexDto;)V" line="23"><counter type="INSTRUCTION" missed="0" covered="4"/><counter type="LINE" missed="0" covered="1"/><counter type="COMPLEXITY" missed="0" covered="1"/><counter type="METHOD" missed="0" covered="1"/></method><method name="setMinima" desc="([D)V" line="23"><counter type="INSTRUCTION" missed="0" covered="4"/><counter type="LINE" missed="0" covered="1"/><counter type="COMPLEXITY" missed="0" covered="1"/><counter type="METHOD" missed="0" covered="1"/></method><method name="setMaxima" desc="([D)V" line="23"><counter type="INSTRUCTION" missed="0" covered="4"/><counter type="LINE" missed="0" covered="1"/><counter type="COMPLEXITY" missed="0" covered="1"/><counter type="METHOD" missed="0" covered="1"/></method><method name="setPolynomialParameters" desc="([D)V" line="23"><counter type="INSTRUCTION" missed="0" covered="4"/><counter type="LINE" missed="0" covered="1"/><counter type="COMPLEXITY" missed="0" covered="1"/><counter type="METHOD" missed="0" covered="1"/></method><method name="setFirstDerivativePolynomialParameters" desc="([D)V" line="23"><counter type="INSTRUCTION" missed="0" covered="4"/><counter type="LINE" missed="0" covered="1"/><counter type="COMPLEXITY" missed="0" covered="1"/><counter type="METHOD" missed="0" covered="1"/></method><method name="setSecondDerivativePolynomialParameters" desc="([D)V" line="23"><counter type="INSTRUCTION" missed="0" covered="4"/><counter type="LINE" missed="0" covered="1"/><counter type="COMPLEXITY" missed="0" covered="1"/><counter type="METHOD" missed="0" covered="1"/></method><method name="setIntegrationPolynomialParameters" desc="([D)V" line="23"><counter type="INSTRUCTION" missed="0" covered="4"/><counter type="LINE" missed="0" covered="1"/><counter type="COMPLEXITY" missed="0" covered="1"/><counter type="METHOD" missed="0" covered="1"/></method><method name="equals" desc="(Ljava/lang/Object;)Z" line="23"><counter type="INSTRUCTION" missed="72" covered="5"/><counter type="BRANCH" missed="19" covered="1"/><counter type="LINE" missed="0" covered="1"/><counter type="COMPLEXITY" missed="10" covered="1"/><counter type="METHOD" missed="0" covered="1"/></method><method name="canEqual" desc="(Ljava/lang/Object;)Z" line="23"><counter type="INSTRUCTION" missed="3" covered="0"/><counter type="LINE" missed="1" covered="0"/><counter type="COMPLEXITY" missed="1" covered="0"/><counter type="METHOD" missed="1" covered="0"/></method><method name="hashCode" desc="()I" line="23"><counter type="INSTRUCTION" missed="62" covered="0"/><counter type="LINE" missed="1" covered="0"/><counter type="COMPLEXITY" missed="1" covered="0"/><counter type="METHOD" missed="1" covered="0"/></method><method name="toString" desc="()Ljava/lang/String;" line="23"><counter type="INSTRUCTION" missed="23" covered="0"/><counter type="LINE" missed="1" covered="0"/><counter type="COMPLEXITY" missed="1" covered="0"/><counter type="METHOD" missed="1" covered="0"/></method><counter type="INSTRUCTION" missed="160" covered="57"/><counter type="BRANCH" missed="19" covered="1"/><counter type="LINE" missed="0" covered="8"/><counter type="COMPLEXITY" missed="13" covered="16"/><counter type="METHOD" missed="3" covered="16"/><counter type="CLASS" missed="0" covered="1"/></class><class name="com/irurueta/reactorworkshop/polynomial/api/dto/MultiplePolynomialEvaluationResultDto" sourcefilename="MultiplePolynomialEvaluationResultDto.java"><method name="&lt;init&gt;" desc="(Ljava/util/List;Ljava/lang/Long;Ljava/lang/Integer;Ljava/lang/Long;)V" line="27"><counter type="INSTRUCTION" missed="0" covered="15"/><counter type="LINE" missed="0" covered="1"/><counter type="COMPLEXITY" missed="0" covered="1"/><counter type="METHOD" missed="0" covered="1"/></method><method name="builder" desc="()Lcom/irurueta/reactorworkshop/polynomial/api/dto/MultiplePolynomialEvaluationResultDto$MultiplePolynomialEvaluationResultDtoBuilder;" line="27"><counter type="INSTRUCTION" missed="0" covered="4"/><counter type="LINE" missed="0" covered="1"/><counter type="COMPLEXITY" missed="0" covered="1"/><counter type="METHOD" missed="0" covered="1"/></method><method name="getResults" desc="()Ljava/util/List;" line="33"><counter type="INSTRUCTION" missed="0" covered="3"/><counter type="LINE" missed="0" covered="1"/><counter type="COMPLEXITY" missed="0" covered="1"/><counter type="METHOD" missed="0" covered="1"/></method><method name="getExecutionDurationSeconds" desc="()Ljava/lang/Long;" line="38"><counter type="INSTRUCTION" missed="0" covered="3"/><counter type="LINE" missed="0" covered="1"/><counter type="COMPLEXITY" missed="0" covered="1"/><counter type="METHOD" missed="0" covered="1"/></method><method name="getExecutionDurationNanos" desc="()Ljava/lang/Integer;" line="44"><counter type="INSTRUCTION" missed="0" covered="3"/><counter type="LINE" missed="0" covered="1"/><counter type="COMPLEXITY" missed="0" covered="1"/><counter type="METHOD" missed="0" covered="1"/></method><method name="getMemoryUsageBytes" desc="()Ljava/lang/Long;" line="51"><counter type="INSTRUCTION" missed="0" covered="3"/><counter type="LINE" missed="0" covered="1"/><counter type="COMPLEXITY" missed="0" covered="1"/><counter type="METHOD" missed="0" covered="1"/></method><method name="setResults" desc="(Ljava/util/List;)V" line="26"><counter type="INSTRUCTION" missed="4" covered="0"/><counter type="LINE" missed="1" covered="0"/><counter type="COMPLEXITY" missed="1" covered="0"/><counter type="METHOD" missed="1" covered="0"/></method><method name="setExecutionDurationSeconds" desc="(Ljava/lang/Long;)V" line="26"><counter type="INSTRUCTION" missed="4" covered="0"/><counter type="LINE" missed="1" covered="0"/><counter type="COMPLEXITY" missed="1" covered="0"/><counter type="METHOD" missed="1" covered="0"/></method><method name="setExecutionDurationNanos" desc="(Ljava/lang/Integer;)V" line="26"><counter type="INSTRUCTION" missed="4" covered="0"/><counter type="LINE" missed="1" covered="0"/><counter type="COMPLEXITY" missed="1" covered="0"/><counter type="METHOD" missed="1" covered="0"/></method><method name="setMemoryUsageBytes" desc="(Ljava/lang/Long;)V" line="26"><counter type="INSTRUCTION" missed="4" covered="0"/><counter type="LINE" missed="1" covered="0"/><counter type="COMPLEXITY" missed="1" covered="0"/><counter type="METHOD" missed="1" covered="0"/></method><method name="equals" desc="(Ljava/lang/Object;)Z" line="26"><counter type="INSTRUCTION" missed="89" covered="0"/><counter type="BRANCH" missed="30" covered="0"/><counter type="LINE" missed="1" covered="0"/><counter type="COMPLEXITY" missed="16" covered="0"/><counter type="METHOD" missed="1" covered="0"/></method><method name="canEqual" desc="(Ljava/lang/Object;)Z" line="26"><counter type="INSTRUCTION" missed="3" covered="0"/><counter type="LINE" missed="1" covered="0"/><counter type="COMPLEXITY" missed="1" covered="0"/><counter type="METHOD" missed="1" covered="0"/></method><method name="hashCode" desc="()I" line="26"><counter type="INSTRUCTION" missed="62" covered="0"/><counter type="BRANCH" missed="8" covered="0"/><counter type="LINE" missed="1" covered="0"/><counter type="COMPLEXITY" missed="5" covered="0"/><counter type="METHOD" missed="1" covered="0"/></method><method name="toString" desc="()Ljava/lang/String;" line="26"><counter type="INSTRUCTION" missed="0" covered="10"/><counter type="LINE" missed="0" covered="1"/><counter type="COMPLEXITY" missed="0" covered="1"/><counter type="METHOD" missed="0" covered="1"/></method><counter type="INSTRUCTION" missed="170" covered="41"/><counter type="BRANCH" missed="38" covered="0"/><counter type="LINE" missed="0" covered="6"/><counter type="COMPLEXITY" missed="26" covered="7"/><counter type="METHOD" missed="7" covered="7"/><counter type="CLASS" missed="0" covered="1"/></class><class name="com/irurueta/reactorworkshop/polynomial/api/dto/MultiplePolynomialEvaluationResultDto$MultiplePolynomialEvaluationResultDtoBuilder" sourcefilename="MultiplePolynomialEvaluationResultDto.java"><method name="&lt;init&gt;" desc="()V" line="27"><counter type="INSTRUCTION" missed="0" covered="3"/><counter type="LINE" missed="0" covered="1"/><counter type="COMPLEXITY" missed="0" covered="1"/><counter type="METHOD" missed="0" covered="1"/></method><method name="results" desc="(Ljava/util/List;)Lcom/irurueta/reactorworkshop/polynomial/api/dto/MultiplePolynomialEvaluationResultDto$MultiplePolynomialEvaluationResultDtoBuilder;" line="27"><counter type="INSTRUCTION" missed="0" covered="5"/><counter type="LINE" missed="0" covered="1"/><counter type="COMPLEXITY" missed="0" covered="1"/><counter type="METHOD" missed="0" covered="1"/></method><method name="executionDurationSeconds" desc="(Ljava/lang/Long;)Lcom/irurueta/reactorworkshop/polynomial/api/dto/MultiplePolynomialEvaluationResultDto$MultiplePolynomialEvaluationResultDtoBuilder;" line="27"><counter type="INSTRUCTION" missed="0" covered="5"/><counter type="LINE" missed="0" covered="1"/><counter type="COMPLEXITY" missed="0" covered="1"/><counter type="METHOD" missed="0" covered="1"/></method><method name="executionDurationNanos" desc="(Ljava/lang/Integer;)Lcom/irurueta/reactorworkshop/polynomial/api/dto/MultiplePolynomialEvaluationResultDto$MultiplePolynomialEvaluationResultDtoBuilder;" line="27"><counter type="INSTRUCTION" missed="0" covered="5"/><counter type="LINE" missed="0" covered="1"/><counter type="COMPLEXITY" missed="0" covered="1"/><counter type="METHOD" missed="0" covered="1"/></method><method name="memoryUsageBytes" desc="(Ljava/lang/Long;)Lcom/irurueta/reactorworkshop/polynomial/api/dto/MultiplePolynomialEvaluationResultDto$MultiplePolynomialEvaluationResultDtoBuilder;" line="27"><counter type="INSTRUCTION" missed="0" covered="5"/><counter type="LINE" missed="0" covered="1"/><counter type="COMPLEXITY" missed="0" covered="1"/><counter type="METHOD" missed="0" covered="1"/></method><method name="build" desc="()Lcom/irurueta/reactorworkshop/polynomial/api/dto/MultiplePolynomialEvaluationResultDto;" line="27"><counter type="INSTRUCTION" missed="0" covered="12"/><counter type="LINE" missed="0" covered="1"/><counter type="COMPLEXITY" missed="0" covered="1"/><counter type="METHOD" missed="0" covered="1"/></method><method name="toString" desc="()Ljava/lang/String;" line="27"><counter type="INSTRUCTION" missed="10" covered="0"/><counter type="LINE" missed="1" covered="0"/><counter type="COMPLEXITY" missed="1" covered="0"/><counter type="METHOD" missed="1" covered="0"/></method><counter type="INSTRUCTION" missed="10" covered="35"/><counter type="LINE" missed="0" covered="1"/><counter type="COMPLEXITY" missed="1" covered="6"/><counter type="METHOD" missed="1" covered="6"/><counter type="CLASS" missed="0" covered="1"/></class><class name="com/irurueta/reactorworkshop/polynomial/api/dto/ComplexDto" sourcefilename="ComplexDto.java"><method name="&lt;init&gt;" desc="()V" line="23"><counter type="INSTRUCTION" missed="0" covered="3"/><counter type="LINE" missed="0" covered="1"/><counter type="COMPLEXITY" missed="0" covered="1"/><counter type="METHOD" missed="0" covered="1"/></method><method name="getReal" desc="()D" line="29"><counter type="INSTRUCTION" missed="0" covered="3"/><counter type="LINE" missed="0" covered="1"/><counter type="COMPLEXITY" missed="0" covered="1"/><counter type="METHOD" missed="0" covered="1"/></method><method name="getImaginary" desc="()D" line="34"><counter type="INSTRUCTION" missed="0" covered="3"/><counter type="LINE" missed="0" covered="1"/><counter type="COMPLEXITY" missed="0" covered="1"/><counter type="METHOD" missed="0" covered="1"/></method><method name="setReal" desc="(D)V" line="23"><counter type="INSTRUCTION" missed="0" covered="4"/><counter type="LINE" missed="0" covered="1"/><counter type="COMPLEXITY" missed="0" covered="1"/><counter type="METHOD" missed="0" covered="1"/></method><method name="setImaginary" desc="(D)V" line="23"><counter type="INSTRUCTION" missed="0" covered="4"/><counter type="LINE" missed="0" covered="1"/><counter type="COMPLEXITY" missed="0" covered="1"/><counter type="METHOD" missed="0" covered="1"/></method><method name="equals" desc="(Ljava/lang/Object;)Z" line="23"><counter type="INSTRUCTION" missed="37" covered="0"/><counter type="BRANCH" missed="10" covered="0"/><counter type="LINE" missed="1" covered="0"/><counter type="COMPLEXITY" missed="6" covered="0"/><counter type="METHOD" missed="1" covered="0"/></method><method name="canEqual" desc="(Ljava/lang/Object;)Z" line="23"><counter type="INSTRUCTION" missed="3" covered="0"/><counter type="LINE" missed="1" covered="0"/><counter type="COMPLEXITY" missed="1" covered="0"/><counter type="METHOD" missed="1" covered="0"/></method><method name="hashCode" desc="()I" line="23"><counter type="INSTRUCTION" missed="36" covered="0"/><counter type="LINE" missed="1" covered="0"/><counter type="COMPLEXITY" missed="1" covered="0"/><counter type="METHOD" missed="1" covered="0"/></method><method name="toString" desc="()Ljava/lang/String;" line="23"><counter type="INSTRUCTION" missed="6" covered="0"/><counter type="LINE" missed="1" covered="0"/><counter type="COMPLEXITY" missed="1" covered="0"/><counter type="METHOD" missed="1" covered="0"/></method><counter type="INSTRUCTION" missed="82" covered="17"/><counter type="BRANCH" missed="10" covered="0"/><counter type="LINE" missed="0" covered="3"/><counter type="COMPLEXITY" missed="9" covered="5"/><counter type="METHOD" missed="4" covered="5"/><counter type="CLASS" missed="0" covered="1"/></class><class name="com/irurueta/reactorworkshop/polynomial/api/dto/EvaluationStepsDto" sourcefilename="EvaluationStepsDto.java"><method name="&lt;init&gt;" desc="()V" line="25"><counter type="INSTRUCTION" missed="0" covered="3"/><counter type="LINE" missed="0" covered="1"/><counter type="COMPLEXITY" missed="0" covered="1"/><counter type="METHOD" missed="0" covered="1"/></method><method name="getSteps" desc="()Ljava/util/List;" line="31"><counter type="INSTRUCTION" missed="0" covered="3"/><counter type="LINE" missed="0" covered="1"/><counter type="COMPLEXITY" missed="0" covered="1"/><counter type="METHOD" missed="0" covered="1"/></method><method name="setSteps" desc="(Ljava/util/List;)V" line="25"><counter type="INSTRUCTION" missed="0" covered="4"/><counter type="LINE" missed="0" covered="1"/><counter type="COMPLEXITY" missed="0" covered="1"/><counter type="METHOD" missed="0" covered="1"/></method><method name="equals" desc="(Ljava/lang/Object;)Z" line="25"><counter type="INSTRUCTION" missed="38" covered="0"/><counter type="BRANCH" missed="12" covered="0"/><counter type="LINE" missed="1" covered="0"/><counter type="COMPLEXITY" missed="7" covered="0"/><counter type="METHOD" missed="1" covered="0"/></method><method name="canEqual" desc="(Ljava/lang/Object;)Z" line="25"><counter type="INSTRUCTION" missed="3" covered="0"/><counter type="LINE" missed="1" covered="0"/><counter type="COMPLEXITY" missed="1" covered="0"/><counter type="METHOD" missed="1" covered="0"/></method><method name="hashCode" desc="()I" line="25"><counter type="INSTRUCTION" missed="20" covered="0"/><counter type="BRANCH" missed="2" covered="0"/><counter type="LINE" missed="1" covered="0"/><counter type="COMPLEXITY" missed="2" covered="0"/><counter type="METHOD" missed="1" covered="0"/></method><method name="toString" desc="()Ljava/lang/String;" line="25"><counter type="INSTRUCTION" missed="4" covered="0"/><counter type="LINE" missed="1" covered="0"/><counter type="COMPLEXITY" missed="1" covered="0"/><counter type="METHOD" missed="1" covered="0"/></method><counter type="INSTRUCTION" missed="65" covered="10"/><counter type="BRANCH" missed="14" covered="0"/><counter type="LINE" missed="0" covered="2"/><counter type="COMPLEXITY" missed="11" covered="3"/><counter type="METHOD" missed="4" covered="3"/><counter type="CLASS" missed="0" covered="1"/></class><sourcefile name="MultiplePolynomialEvaluationResultDto.java"><line nr="26" mi="170" ci="10" mb="38" cb="0"/><line nr="27" mi="10" ci="54" mb="0" cb="0"/><line nr="33" mi="0" ci="3" mb="0" cb="0"/><line nr="38" mi="0" ci="3" mb="0" cb="0"/><line nr="44" mi="0" ci="3" mb="0" cb="0"/><line nr="51" mi="0" ci="3" mb="0" cb="0"/><counter type="INSTRUCTION" missed="180" covered="76"/><counter type="BRANCH" missed="38" covered="0"/><counter type="LINE" missed="0" covered="6"/><counter type="COMPLEXITY" missed="27" covered="13"/><counter type="METHOD" missed="8" covered="13"/><counter type="CLASS" missed="0" covered="2"/></sourcefile><sourcefile name="ComplexDto.java"><line nr="23" mi="82" ci="11" mb="10" cb="0"/><line nr="29" mi="0" ci="3" mb="0" cb="0"/><line nr="34" mi="0" ci="3" mb="0" cb="0"/><counter type="INSTRUCTION" missed="82" covered="17"/><counter type="BRANCH" missed="10" covered="0"/><counter type="LINE" missed="0" covered="3"/><counter type="COMPLEXITY" missed="9" covered="5"/><counter type="METHOD" missed="4" covered="5"/><counter type="CLASS" missed="0" covered="1"/></sourcefile><sourcefile name="EvaluationStepsDto.java"><line nr="25" mi="65" ci="7" mb="14" cb="0"/><line nr="31" mi="0" ci="3" mb="0" cb="0"/><counter type="INSTRUCTION" missed="65" covered="10"/><counter type="BRANCH" missed="14" covered="0"/><counter type="LINE" missed="0" covered="2"/><counter type="COMPLEXITY" missed="11" covered="3"/><counter type="METHOD" missed="4" covered="3"/><counter type="CLASS" missed="0" covered="1"/></sourcefile><sourcefile name="EvaluationStepDto.java"><line nr="24" mi="166" ci="0" mb="32" cb="0"/><line nr="25" mi="11" ci="54" mb="0" cb="0"/><line nr="38" mi="0" ci="3" mb="0" cb="0"/><line nr="44" mi="0" ci="3" mb="0" cb="0"/><line nr="50" mi="0" ci="3" mb="0" cb="0"/><line nr="55" mi="0" ci="3" mb="0" cb="0"/><counter type="INSTRUCTION" missed="177" covered="66"/><counter type="BRANCH" missed="32" covered="0"/><counter type="LINE" missed="1" covered="5"/><counter type="COMPLEXITY" missed="25" covered="12"/><counter type="METHOD" missed="9" covered="12"/><counter type="CLASS" missed="0" covered="2"/></sourcefile><sourcefile name="PolynomialEvaluationResultDto.java"><line nr="23" mi="160" ci="36" mb="19" cb="1"/><line nr="29" mi="0" ci="3" mb="0" cb="0"/><line nr="34" mi="0" ci="3" mb="0" cb="0"/><line nr="39" mi="0" ci="3" mb="0" cb="0"/><line nr="44" mi="0" ci="3" mb="0" cb="0"/><line nr="49" mi="0" ci="3" mb="0" cb="0"/><line nr="54" mi="0" ci="3" mb="0" cb="0"/><line nr="59" mi="0" ci="3" mb="0" cb="0"/><counter type="INSTRUCTION" missed="160" covered="57"/><counter type="BRANCH" missed="19" covered="1"/><counter type="LINE" missed="0" covered="8"/><counter type="COMPLEXITY" missed="13" covered="16"/><counter type="METHOD" missed="3" covered="16"/><counter type="CLASS" missed="0" covered="1"/></sourcefile><counter type="INSTRUCTION" missed="664" covered="226"/><counter type="BRANCH" missed="113" covered="1"/><counter type="LINE" missed="1" covered="24"/><counter type="COMPLEXITY" missed="85" covered="49"/><counter type="METHOD" missed="28" covered="49"/><counter type="CLASS" missed="0" covered="7"/></package><package name="com/irurueta/reactorworkshop/arithmeticsequence/api/controllers"><class name="com/irurueta/reactorworkshop/arithmeticsequence/api/controllers/ArithmeticSequenceController" sourcefilename="ArithmeticSequenceController.java"><method name="&lt;init&gt;" desc="(Lcom/irurueta/reactorworkshop/arithmeticsequence/domain/services/MultipleArithmeticSequenceService;Lcom/irurueta/reactorworkshop/arithmeticsequence/domain/services/ReactiveMultipleArithmeticSequenceService;Lcom/irurueta/reactorworkshop/arithmeticsequence/domain/services/ArithmeticSequenceValidationService;Lcom/irurueta/reactorworkshop/arithmeticsequence/api/mappers/MultipleArithmeticSequenceDataMapper;Lcom/irurueta/reactorworkshop/arithmeticsequence/api/mappers/SingleArithmeticSequenceResultMapper;Lcom/irurueta/reactorworkshop/arithmeticsequence/api/dto/factories/MultipleArithmeticSequenceDetailDtoFactory;Lcom/irurueta/reactorworkshop/arithmeticsequence/api/dto/factories/MultipleArithmeticSequenceSummaryDtoFactory;)V" line="97"><counter type="INSTRUCTION" missed="0" covered="24"/><counter type="LINE" missed="0" covered="9"/><counter type="COMPLEXITY" missed="0" covered="1"/><counter type="METHOD" missed="0" covered="1"/></method><method name="computeDetailNonReactive" desc="(IIILjava/lang/String;)Lcom/irurueta/reactorworkshop/arithmeticsequence/api/dto/MultipleArithmeticSequenceDetailDto;" line="123"><counter type="INSTRUCTION" missed="0" covered="44"/><counter type="LINE" missed="0" covered="8"/><counter type="COMPLEXITY" missed="0" covered="1"/><counter type="METHOD" missed="0" covered="1"/></method><method name="computeSummaryNonReactive" desc="(IIILjava/lang/String;)Lcom/irurueta/reactorworkshop/arithmeticsequence/api/dto/MultipleArithmeticSequenceSummaryDto;" line="155"><counter type="INSTRUCTION" missed="0" covered="40"/><counter type="LINE" missed="0" covered="8"/><counter type="COMPLEXITY" missed="0" covered="1"/><counter type="METHOD" missed="0" covered="1"/></method><method name="computeDetailReactive" desc="(IIILjava/lang/String;)Lreactor/core/publisher/Mono;" line="187"><counter type="INSTRUCTION" missed="0" covered="33"/><counter type="LINE" missed="0" covered="5"/><counter type="COMPLEXITY" missed="0" covered="1"/><counter type="METHOD" missed="0" covered="1"/></method><method name="computeSummaryReactive" desc="(IIILjava/lang/String;)Lreactor/core/publisher/Mono;" line="222"><counter type="INSTRUCTION" missed="0" covered="30"/><counter type="LINE" missed="0" covered="6"/><counter type="COMPLEXITY" missed="0" covered="1"/><counter type="METHOD" missed="0" covered="1"/></method><method name="lambda$computeSummaryReactive$2" desc="(Ljava/time/Instant;ILjava/lang/Long;)Lcom/irurueta/reactorworkshop/arithmeticsequence/api/dto/MultipleArithmeticSequenceSummaryDto;" line="233"><counter type="INSTRUCTION" missed="0" covered="14"/><counter type="LINE" missed="0" covered="3"/><counter type="COMPLEXITY" missed="0" covered="1"/><counter type="METHOD" missed="0" covered="1"/></method><method name="lambda$computeSummaryReactive$1" desc="(Lcom/irurueta/reactorworkshop/arithmeticsequence/domain/entities/SingleArithmeticSequenceResult;)Ljava/lang/Long;" line="230"><counter type="INSTRUCTION" missed="0" covered="5"/><counter type="LINE" missed="0" covered="1"/><counter type="COMPLEXITY" missed="0" covered="1"/><counter type="METHOD" missed="0" covered="1"/></method><method name="lambda$computeDetailReactive$0" desc="(Ljava/time/Instant;Ljava/util/List;)Lcom/irurueta/reactorworkshop/arithmeticsequence/api/dto/MultipleArithmeticSequenceDetailDto;" line="195"><counter type="INSTRUCTION" missed="0" covered="12"/><counter type="LINE" missed="0" covered="3"/><counter type="COMPLEXITY" missed="0" covered="1"/><counter type="METHOD" missed="0" covered="1"/></method><counter type="INSTRUCTION" missed="0" covered="202"/><counter type="LINE" missed="0" covered="42"/><counter type="COMPLEXITY" missed="0" covered="8"/><counter type="METHOD" missed="0" covered="8"/><counter type="CLASS" missed="0" covered="1"/></class><sourcefile name="ArithmeticSequenceController.java"><line nr="97" mi="0" ci="2" mb="0" cb="0"/><line nr="98" mi="0" ci="3" mb="0" cb="0"/><line nr="99" mi="0" ci="3" mb="0" cb="0"/><line nr="100" mi="0" ci="3" mb="0" cb="0"/><line nr="101" mi="0" ci="3" mb="0" cb="0"/><line nr="102" mi="0" ci="3" mb="0" cb="0"/><line nr="103" mi="0" ci="3" mb="0" cb="0"/><line nr="104" mi="0" ci="3" mb="0" cb="0"/><line nr="105" mi="0" ci="1" mb="0" cb="0"/><line nr="123" mi="0" ci="4" mb="0" cb="0"/><line nr="125" mi="0" ci="2" mb="0" cb="0"/><line nr="128" mi="0" ci="7" mb="0" cb="0"/><line nr="129" mi="0" ci="11" mb="0" cb="0"/><line nr="130" mi="0" ci="8" mb="0" cb="0"/><line nr="131" mi="0" ci="2" mb="0" cb="0"/><line nr="132" mi="0" ci="4" mb="0" cb="0"/><line nr="134" mi="0" ci="6" mb="0" cb="0"/><line nr="155" mi="0" ci="4" mb="0" cb="0"/><line nr="157" mi="0" ci="2" mb="0" cb="0"/><line nr="161" mi="0" ci="9" mb="0" cb="0"/><line nr="162" mi="0" ci="9" mb="0" cb="0"/><line nr="163" mi="0" ci="2" mb="0" cb="0"/><line nr="165" mi="0" ci="2" mb="0" cb="0"/><line nr="166" mi="0" ci="4" mb="0" cb="0"/><line nr="168" mi="0" ci="8" mb="0" cb="0"/><line nr="187" mi="0" ci="4" mb="0" cb="0"/><line nr="189" mi="0" ci="2" mb="0" cb="0"/><line nr="192" mi="0" ci="11" mb="0" cb="0"/><line nr="193" mi="0" ci="7" mb="0" cb="0"/><line nr="194" mi="0" ci="9" mb="0" cb="0"/><line nr="195" mi="0" ci="2" mb="0" cb="0"/><line nr="196" mi="0" ci="4" mb="0" cb="0"/><line nr="198" mi="0" ci="6" mb="0" cb="0"/><line nr="222" mi="0" ci="4" mb="0" cb="0"/><line nr="224" mi="0" ci="2" mb="0" cb="0"/><line nr="228" mi="0" ci="9" mb="0" cb="0"/><line nr="229" mi="0" ci="7" mb="0" cb="0"/><line nr="230" mi="0" ci="7" mb="0" cb="0"/><line nr="231" mi="0" ci="6" mb="0" cb="0"/><line nr="233" mi="0" ci="2" mb="0" cb="0"/><line nr="234" mi="0" ci="4" mb="0" cb="0"/><line nr="236" mi="0" ci="8" mb="0" cb="0"/><counter type="INSTRUCTION" missed="0" covered="202"/><counter type="LINE" missed="0" covered="42"/><counter type="COMPLEXITY" missed="0" covered="8"/><counter type="METHOD" missed="0" covered="8"/><counter type="CLASS" missed="0" covered="1"/></sourcefile><counter type="INSTRUCTION" missed="0" covered="202"/><counter type="LINE" missed="0" covered="42"/><counter type="COMPLEXITY" missed="0" covered="8"/><counter type="METHOD" missed="0" covered="8"/><counter type="CLASS" missed="0" covered="1"/></package><package name="com/irurueta/reactorworkshop/arithmeticsequence/api/mappers"><class name="com/irurueta/reactorworkshop/arithmeticsequence/api/mappers/MultipleArithmeticSequenceDataMapperImpl" sourcefilename="MultipleArithmeticSequenceDataMapperImpl.java"><method name="&lt;init&gt;" desc="()V" line="13"><counter type="INSTRUCTION" missed="0" covered="3"/><counter type="LINE" missed="0" covered="1"/><counter type="COMPLEXITY" missed="0" covered="1"/><counter type="METHOD" missed="0" covered="1"/></method><method name="mapFromDto" desc="(Ljava/lang/Integer;Ljava/lang/Integer;Ljava/lang/Integer;Ljava/lang/String;)Lcom/irurueta/reactorworkshop/arithmeticsequence/domain/entities/MultipleArithmeticSequenceData;" line="17"><counter type="INSTRUCTION" missed="0" covered="41"/><counter type="BRANCH" missed="2" covered="14"/><counter type="LINE" missed="0" covered="12"/><counter type="COMPLEXITY" missed="2" covered="7"/><counter type="METHOD" missed="0" covered="1"/></method><counter type="INSTRUCTION" missed="0" covered="44"/><counter type="BRANCH" missed="2" covered="14"/><counter type="LINE" missed="0" covered="13"/><counter type="COMPLEXITY" missed="2" covered="8"/><counter type="METHOD" missed="0" covered="2"/><counter type="CLASS" missed="0" covered="1"/></class><class name="com/irurueta/reactorworkshop/arithmeticsequence/api/mappers/SingleArithmeticSequenceResultMapperImpl" sourcefilename="SingleArithmeticSequenceResultMapperImpl.java"><method name="&lt;init&gt;" desc="()V" line="14"><counter type="INSTRUCTION" missed="0" covered="3"/><counter type="LINE" missed="0" covered="1"/><counter type="COMPLEXITY" missed="0" covered="1"/><counter type="METHOD" missed="0" covered="1"/></method><method name="mapToDto" desc="(Lcom/irurueta/reactorworkshop/arithmeticsequence/domain/entities/SingleArithmeticSequenceResult;)Lcom/irurueta/reactorworkshop/arithmeticsequence/api/dto/SingleArithmeticSequenceResultDto;" line="18"><counter type="INSTRUCTION" missed="0" covered="30"/><counter type="BRANCH" missed="0" covered="2"/><counter type="LINE" missed="0" covered="9"/><counter type="COMPLEXITY" missed="0" covered="2"/><counter type="METHOD" missed="0" covered="1"/></method><counter type="INSTRUCTION" missed="0" covered="33"/><counter type="BRANCH" missed="0" covered="2"/><counter type="LINE" missed="0" covered="10"/><counter type="COMPLEXITY" missed="0" covered="3"/><counter type="METHOD" missed="0" covered="2"/><counter type="CLASS" missed="0" covered="1"/></class><class name="com/irurueta/reactorworkshop/arithmeticsequence/api/mappers/MultipleArithmeticSequenceDataMapper" sourcefilename="MultipleArithmeticSequenceDataMapper.java"><method name="mapFromString" desc="(Ljava/lang/String;)Lcom/irurueta/reactorworkshop/arithmeticsequence/domain/entities/ArithmeticSequenceMethod;" line="49"><counter type="INSTRUCTION" missed="0" covered="3"/><counter type="LINE" missed="0" covered="1"/><counter type="COMPLEXITY" missed="0" covered="1"/><counter type="METHOD" missed="0" covered="1"/></method><counter type="INSTRUCTION" missed="0" covered="3"/><counter type="LINE" missed="0" covered="1"/><counter type="COMPLEXITY" missed="0" covered="1"/><counter type="METHOD" missed="0" covered="1"/><counter type="CLASS" missed="0" covered="1"/></class><class name="com/irurueta/reactorworkshop/arithmeticsequence/api/mappers/SingleArithmeticSequenceResultMapper" sourcefilename="SingleArithmeticSequenceResultMapper.java"/><sourcefile name="SingleArithmeticSequenceResultMapper.java"/><sourcefile name="SingleArithmeticSequenceResultMapperImpl.java"><line nr="14" mi="0" ci="3" mb="0" cb="0"/><line nr="18" mi="0" ci="2" mb="0" cb="2"/><line nr="19" mi="0" ci="2" mb="0" cb="0"/><line nr="22" mi="0" ci="4" mb="0" cb="0"/><line nr="24" mi="0" ci="4" mb="0" cb="0"/><line nr="25" mi="0" ci="4" mb="0" cb="0"/><line nr="26" mi="0" ci="4" mb="0" cb="0"/><line nr="27" mi="0" ci="4" mb="0" cb="0"/><line nr="28" mi="0" ci="4" mb="0" cb="0"/><line nr="30" mi="0" ci="2" mb="0" cb="0"/><counter type="INSTRUCTION" missed="0" covered="33"/><counter type="BRANCH" missed="0" covered="2"/><counter type="LINE" missed="0" covered="10"/><counter type="COMPLEXITY" missed="0" covered="3"/><counter type="METHOD" missed="0" covered="2"/><counter type="CLASS" missed="0" covered="1"/></sourcefile><sourcefile name="MultipleArithmeticSequenceDataMapper.java"><line nr="49" mi="0" ci="3" mb="0" cb="0"/><counter type="INSTRUCTION" missed="0" covered="3"/><counter type="LINE" missed="0" covered="1"/><counter type="COMPLEXITY" missed="0" covered="1"/><counter type="METHOD" missed="0" covered="1"/><counter type="CLASS" missed="0" covered="1"/></sourcefile><sourcefile name="MultipleArithmeticSequenceDataMapperImpl.java"><line nr="13" mi="0" ci="3" mb="0" cb="0"/><line nr="17" mi="0" ci="8" mb="2" cb="6"/><line nr="18" mi="0" ci="2" mb="0" cb="0"/><line nr="21" mi="0" ci="4" mb="0" cb="0"/><line nr="23" mi="0" ci="2" mb="0" cb="2"/><line nr="24" mi="0" ci="4" mb="0" cb="0"/><line nr="26" mi="0" ci="2" mb="0" cb="2"/><line nr="27" mi="0" ci="4" mb="0" cb="0"/><line nr="29" mi="0" ci="2" mb="0" cb="2"/><line nr="30" mi="0" ci="4" mb="0" cb="0"/><line nr="32" mi="0" ci="2" mb="0" cb="2"/><line nr="33" mi="0" ci="5" mb="0" cb="0"/><line nr="36" mi="0" ci="2" mb="0" cb="0"/><counter type="INSTRUCTION" missed="0" covered="44"/><counter type="BRANCH" missed="2" covered="14"/><counter type="LINE" missed="0" covered="13"/><counter type="COMPLEXITY" missed="2" covered="8"/><counter type="METHOD" missed="0" covered="2"/><counter type="CLASS" missed="0" covered="1"/></sourcefile><counter type="INSTRUCTION" missed="0" covered="80"/><counter type="BRANCH" missed="2" covered="16"/><counter type="LINE" missed="0" covered="24"/><counter type="COMPLEXITY" missed="2" covered="12"/><counter type="METHOD" missed="0" covered="5"/><counter type="CLASS" missed="0" covered="3"/></package><package name="com/irurueta/reactorworkshop/polynomial/domain/services"><class name="com/irurueta/reactorworkshop/polynomial/domain/services/PolynomialEvaluationService" sourcefilename="PolynomialEvaluationService.java"><method name="&lt;init&gt;" desc="()V" line="32"><counter type="INSTRUCTION" missed="0" covered="3"/><counter type="LINE" missed="0" covered="1"/><counter type="COMPLEXITY" missed="0" covered="1"/><counter type="METHOD" missed="0" covered="1"/></method><method name="evaluate" desc="(Lcom/irurueta/reactorworkshop/polynomial/domain/entities/EvaluationStep;)Lcom/irurueta/reactorworkshop/polynomial/domain/entities/PolynomialEvaluationResult;" line="46"><counter type="INSTRUCTION" missed="0" covered="46"/><counter type="LINE" missed="0" covered="18"/><counter type="COMPLEXITY" missed="0" covered="1"/><counter type="METHOD" missed="0" covered="1"/></method><method name="internalEvaluate" desc="(Lcom/irurueta/reactorworkshop/polynomial/domain/entities/EvaluationStep;)Lcom/irurueta/reactorworkshop/polynomial/domain/entities/EvaluationStep;" line="80"><counter type="INSTRUCTION" missed="0" covered="31"/><counter type="BRANCH" missed="1" covered="6"/><counter type="LINE" missed="0" covered="8"/><counter type="COMPLEXITY" missed="1" covered="5"/><counter type="METHOD" missed="0" covered="1"/></method><method name="evaluateSummationStep" desc="(Lcom/irurueta/reactorworkshop/polynomial/domain/entities/EvaluationStep;)Lcom/irurueta/reactorworkshop/polynomial/domain/entities/EvaluationStep;" line="104"><counter type="INSTRUCTION" missed="0" covered="19"/><counter type="LINE" missed="0" covered="4"/><counter type="COMPLEXITY" missed="0" covered="1"/><counter type="METHOD" missed="0" covered="1"/></method><method name="evaluateSubtractionStep" desc="(Lcom/irurueta/reactorworkshop/polynomial/domain/entities/EvaluationStep;)Lcom/irurueta/reactorworkshop/polynomial/domain/entities/EvaluationStep;" line="119"><counter type="INSTRUCTION" missed="0" covered="22"/><counter type="LINE" missed="0" covered="5"/><counter type="COMPLEXITY" missed="0" covered="1"/><counter type="METHOD" missed="0" covered="1"/></method><method name="evaluateMultiplicationStep" desc="(Lcom/irurueta/reactorworkshop/polynomial/domain/entities/EvaluationStep;)Lcom/irurueta/reactorworkshop/polynomial/domain/entities/EvaluationStep;" line="136"><counter type="INSTRUCTION" missed="0" covered="19"/><counter type="LINE" missed="0" covered="4"/><counter type="COMPLEXITY" missed="0" covered="1"/><counter type="METHOD" missed="0" covered="1"/></method><method name="buildPolynomialFromStep" desc="(Lcom/irurueta/reactorworkshop/polynomial/domain/entities/EvaluationStep;)Lcom/irurueta/numerical/polynomials/Polynomial;" line="151"><counte
[...]
0" ci="3" mb="0" cb="0"/><line nr="97" mi="0" ci="2" mb="0" cb="0"/><line nr="98" mi="0" ci="2" mb="0" cb="0"/><line nr="99" mi="0" ci="5" mb="0" cb="0"/><line nr="100" mi="0" ci="7" mb="0" cb="0"/><line nr="101" mi="0" ci="1" mb="0" cb="0"/><line nr="102" mi="0" ci="1" mb="0" cb="0"/><counter type="INSTRUCTION" missed="0" covered="98"/><counter type="BRANCH" missed="0" covered="6"/><counter type="LINE" missed="0" covered="24"/><counter type="COMPLEXITY" missed="0" covered="8"/><counter type="METHOD" missed="0" covered="5"/><counter type="CLASS" missed="0" covered="1"/></sourcefile><sourcefile name="ReactiveMultipleArithmeticSequenceService.java"><line nr="41" mi="0" ci="4" mb="0" cb="0"/><line nr="42" mi="0" ci="1" mb="0" cb="0"/><line nr="56" mi="0" ci="6" mb="0" cb="0"/><counter type="INSTRUCTION" missed="0" covered="11"/><counter type="LINE" missed="0" covered="3"/><counter type="COMPLEXITY" missed="0" covered="2"/><counter type="METHOD" missed="0" covered="2"/><counter type="CLASS" missed="0" covered="1"/></sourcefile><counter type="INSTRUCTION" missed="0" covered="186"/><counter type="BRANCH" missed="0" covered="10"/><counter type="LINE" missed="0" covered="46"/><counter type="COMPLEXITY" missed="0" covered="21"/><counter type="METHOD" missed="0" covered="16"/><counter type="CLASS" missed="0" covered="6"/></package><package name="com/irurueta/reactorworkshop/arithmeticsequence/domain/exceptions"><class name="com/irurueta/reactorworkshop/arithmeticsequence/domain/exceptions/UnsupportedArithmeticSequenceMethodException" sourcefilename="UnsupportedArithmeticSequenceMethodException.java"><method name="&lt;init&gt;" desc="()V" line="27"><counter type="INSTRUCTION" missed="0" covered="3"/><counter type="LINE" missed="0" covered="2"/><counter type="COMPLEXITY" missed="0" covered="1"/><counter type="METHOD" missed="0" covered="1"/></method><counter type="INSTRUCTION" missed="0" covered="3"/><counter type="LINE" missed="0" covered="2"/><counter type="COMPLEXITY" missed="0" covered="1"/><counter type="METHOD" missed="0" covered="1"/><counter type="CLASS" missed="0" covered="1"/></class><sourcefile name="UnsupportedArithmeticSequenceMethodException.java"><line nr="27" mi="0" ci="2" mb="0" cb="0"/><line nr="28" mi="0" ci="1" mb="0" cb="0"/><counter type="INSTRUCTION" missed="0" covered="3"/><counter type="LINE" missed="0" covered="2"/><counter type="COMPLEXITY" missed="0" covered="1"/><counter type="METHOD" missed="0" covered="1"/><counter type="CLASS" missed="0" covered="1"/></sourcefile><counter type="INSTRUCTION" missed="0" covered="3"/><counter type="LINE" missed="0" covered="2"/><counter type="COMPLEXITY" missed="0" covered="1"/><counter type="METHOD" missed="0" covered="1"/><counter type="CLASS" missed="0" covered="1"/></package><package name="com/irurueta/reactorworkshop/arithmeticsequence/domain/entities"><class name="com/irurueta/reactorworkshop/arithmeticsequence/domain/entities/ArithmeticSequenceMethod" sourcefilename="ArithmeticSequenceMethod.java"><method name="&lt;init&gt;" desc="(Ljava/lang/String;ILjava/lang/String;)V" line="53"><counter type="INSTRUCTION" missed="0" covered="8"/><counter type="LINE" missed="0" covered="3"/><counter type="COMPLEXITY" missed="0" covered="1"/><counter type="METHOD" missed="0" covered="1"/></method><method name="getValue" desc="()Ljava/lang/String;" line="63"><counter type="INSTRUCTION" missed="0" covered="3"/><counter type="LINE" missed="0" covered="1"/><counter type="COMPLEXITY" missed="0" covered="1"/><counter type="METHOD" missed="0" covered="1"/></method><method name="fromValue" desc="(Ljava/lang/String;)Lcom/irurueta/reactorworkshop/arithmeticsequence/domain/entities/ArithmeticSequenceMethod;" line="75"><counter type="INSTRUCTION" missed="0" covered="11"/><counter type="BRANCH" missed="0" covered="2"/><counter type="LINE" missed="0" covered="1"/><counter type="COMPLEXITY" missed="0" covered="2"/><counter type="METHOD" missed="0" covered="1"/></method><method name="lambda$static$1" desc="(Lcom/irurueta/reactorworkshop/arithmeticsequence/domain/entities/ArithmeticSequenceMethod;)Lcom/irurueta/reactorworkshop/arithmeticsequence/domain/entities/ArithmeticSequenceMethod;" line="41"><counter type="INSTRUCTION" missed="0" covered="2"/><counter type="LINE" missed="0" covered="1"/><counter type="COMPLEXITY" missed="0" covered="1"/><counter type="METHOD" missed="0" covered="1"/></method><method name="lambda$static$0" desc="(Lcom/irurueta/reactorworkshop/arithmeticsequence/domain/entities/ArithmeticSequenceMethod;)Ljava/lang/String;" line="41"><counter type="INSTRUCTION" missed="0" covered="3"/><counter type="LINE" missed="0" covered="1"/><counter type="COMPLEXITY" missed="0" covered="1"/><counter type="METHOD" missed="0" covered="1"/></method><method name="&lt;clinit&gt;" desc="()V" line="25"><counter type="INSTRUCTION" missed="0" covered="34"/><counter type="LINE" missed="0" covered="5"/><counter type="COMPLEXITY" missed="0" covered="1"/><counter type="METHOD" missed="0" covered="1"/></method><counter type="INSTRUCTION" missed="0" covered="61"/><counter type="BRANCH" missed="0" covered="2"/><counter type="LINE" missed="0" covered="10"/><counter type="COMPLEXITY" missed="0" covered="7"/><counter type="METHOD" missed="0" covered="6"/><counter type="CLASS" missed="0" covered="1"/></class><class name="com/irurueta/reactorworkshop/arithmeticsequence/domain/entities/MultipleArithmeticSequenceData" sourcefilename="MultipleArithmeticSequenceData.java"><method name="&lt;init&gt;" desc="()V" line="23"><counter type="INSTRUCTION" missed="0" covered="3"/><counter type="LINE" missed="0" covered="1"/><counter type="COMPLEXITY" missed="0" covered="1"/><counter type="METHOD" missed="0" covered="1"/></method><method name="getMinValue" desc="()I" line="29"><counter type="INSTRUCTION" missed="0" covered="3"/><counter type="LINE" missed="0" covered="1"/><counter type="COMPLEXITY" missed="0" covered="1"/><counter type="METHOD" missed="0" covered="1"/></method><method name="getStep" desc="()I" line="34"><counter type="INSTRUCTION" missed="0" covered="3"/><counter type="LINE" missed="0" covered="1"/><counter type="COMPLEXITY" missed="0" covered="1"/><counter type="METHOD" missed="0" covered="1"/></method><method name="getCount" desc="()I" line="39"><counter type="INSTRUCTION" missed="0" covered="3"/><counter type="LINE" missed="0" covered="1"/><counter type="COMPLEXITY" missed="0" covered="1"/><counter type="METHOD" missed="0" covered="1"/></method><method name="getSequenceMethod" desc="()Lcom/irurueta/reactorworkshop/arithmeticsequence/domain/entities/ArithmeticSequenceMethod;" line="44"><counter type="INSTRUCTION" missed="0" covered="3"/><counter type="LINE" missed="0" covered="1"/><counter type="COMPLEXITY" missed="0" covered="1"/><counter type="METHOD" missed="0" covered="1"/></method><method name="setMinValue" desc="(I)V" line="23"><counter type="INSTRUCTION" missed="0" covered="4"/><counter type="LINE" missed="0" covered="1"/><counter type="COMPLEXITY" missed="0" covered="1"/><counter type="METHOD" missed="0" covered="1"/></method><method name="setStep" desc="(I)V" line="23"><counter type="INSTRUCTION" missed="0" covered="4"/><counter type="LINE" missed="0" covered="1"/><counter type="COMPLEXITY" missed="0" covered="1"/><counter type="METHOD" missed="0" covered="1"/></method><method name="setCount" desc="(I)V" line="23"><counter type="INSTRUCTION" missed="0" covered="4"/><counter type="LINE" missed="0" covered="1"/><counter type="COMPLEXITY" missed="0" covered="1"/><counter type="METHOD" missed="0" covered="1"/></method><method name="setSequenceMethod" desc="(Lcom/irurueta/reactorworkshop/arithmeticsequence/domain/entities/ArithmeticSequenceMethod;)V" line="23"><counter type="INSTRUCTION" missed="0" covered="4"/><counter type="LINE" missed="0" covered="1"/><counter type="COMPLEXITY" missed="0" covered="1"/><counter type="METHOD" missed="0" covered="1"/></method><method name="equals" desc="(Ljava/lang/Object;)Z" line="23"><counter type="INSTRUCTION" missed="59" covered="0"/><counter type="BRANCH" missed="18" covered="0"/><counter type="LINE" missed="1" covered="0"/><counter type="COMPLEXITY" missed="10" covered="0"/><counter type="METHOD" missed="1" covered="0"/></method><method name="canEqual" desc="(Ljava/lang/Object;)Z" line="23"><counter type="INSTRUCTION" missed="3" covered="0"/><counter type="LINE" missed="1" covered="0"/><counter type="COMPLEXITY" missed="1" covered="0"/><counter type="METHOD" missed="1" covered="0"/></method><method name="hashCode" desc="()I" line="23"><counter type="INSTRUCTION" missed="41" covered="0"/><counter type="BRANCH" missed="2" covered="0"/><counter type="LINE" missed="1" covered="0"/><counter type="COMPLEXITY" missed="2" covered="0"/><counter type="METHOD" missed="1" covered="0"/></method><method name="toString" desc="()Ljava/lang/String;" line="23"><counter type="INSTRUCTION" missed="10" covered="0"/><counter type="LINE" missed="1" covered="0"/><counter type="COMPLEXITY" missed="1" covered="0"/><counter type="METHOD" missed="1" covered="0"/></method><counter type="INSTRUCTION" missed="113" covered="31"/><counter type="BRANCH" missed="20" covered="0"/><counter type="LINE" missed="0" covered="5"/><counter type="COMPLEXITY" missed="14" covered="9"/><counter type="METHOD" missed="4" covered="9"/><counter type="CLASS" missed="0" covered="1"/></class><class name="com/irurueta/reactorworkshop/arithmeticsequence/domain/entities/SingleArithmeticSequenceResult" sourcefilename="SingleArithmeticSequenceResult.java"><method name="&lt;init&gt;" desc="(IIIII)V" line="28"><counter type="INSTRUCTION" missed="0" covered="18"/><counter type="LINE" missed="0" covered="1"/><counter type="COMPLEXITY" missed="0" covered="1"/><counter type="METHOD" missed="0" covered="1"/></method><method name="builder" desc="()Lcom/irurueta/reactorworkshop/arithmeticsequence/domain/entities/SingleArithmeticSequenceResult$SingleArithmeticSequenceResultBuilder;" line="28"><counter type="INSTRUCTION" missed="0" covered="4"/><counter type="LINE" missed="0" covered="1"/><counter type="COMPLEXITY" missed="0" covered="1"/><counter type="METHOD" missed="0" covered="1"/></method><method name="getMinValue" desc="()I" line="34"><counter type="INSTRUCTION" missed="0" covered="3"/><counter type="LINE" missed="0" covered="1"/><counter type="COMPLEXITY" missed="0" covered="1"/><counter type="METHOD" missed="0" covered="1"/></method><method name="getStep" desc="()I" line="39"><counter type="INSTRUCTION" missed="0" covered="3"/><counter type="LINE" missed="0" covered="1"/><counter type="COMPLEXITY" missed="0" covered="1"/><counter type="METHOD" missed="0" covered="1"/></method><method name="getCount" desc="()I" line="44"><counter type="INSTRUCTION" missed="0" covered="3"/><counter type="LINE" missed="0" covered="1"/><counter type="COMPLEXITY" missed="0" covered="1"/><counter type="METHOD" missed="0" covered="1"/></method><method name="getMaxValue" desc="()I" line="49"><counter type="INSTRUCTION" missed="0" covered="3"/><counter type="LINE" missed="0" covered="1"/><counter type="COMPLEXITY" missed="0" covered="1"/><counter type="METHOD" missed="0" covered="1"/></method><method name="getSum" desc="()I" line="54"><counter type="INSTRUCTION" missed="0" covered="3"/><counter type="LINE" missed="0" covered="1"/><counter type="COMPLEXITY" missed="0" covered="1"/><counter type="METHOD" missed="0" covered="1"/></method><method name="equals" desc="(Ljava/lang/Object;)Z" line="26"><counter type="INSTRUCTION" missed="56" covered="0"/><counter type="BRANCH" missed="16" covered="0"/><counter type="LINE" missed="1" covered="0"/><counter type="COMPLEXITY" missed="9" covered="0"/><counter type="METHOD" missed="1" covered="0"/></method><method name="canEqual" desc="(Ljava/lang/Object;)Z" line="26"><counter type="INSTRUCTION" missed="3" covered="0"/><counter type="LINE" missed="1" covered="0"/><counter type="COMPLEXITY" missed="1" covered="0"/><counter type="METHOD" missed="1" covered="0"/></method><method name="hashCode" desc="()I" line="26"><counter type="INSTRUCTION" missed="41" covered="0"/><counter type="LINE" missed="1" covered="0"/><counter type="COMPLEXITY" missed="1" covered="0"/><counter type="METHOD" missed="1" covered="0"/></method><method name="toString" desc="()Ljava/lang/String;" line="26"><counter type="INSTRUCTION" missed="12" covered="0"/><counter type="LINE" missed="1" covered="0"/><counter type="COMPLEXITY" missed="1" covered="0"/><counter type="METHOD" missed="1" covered="0"/></method><method name="setMinValue" desc="(I)V" line="27"><counter type="INSTRUCTION" missed="4" covered="0"/><counter type="LINE" missed="1" covered="0"/><counter type="COMPLEXITY" missed="1" covered="0"/><counter type="METHOD" missed="1" covered="0"/></method><method name="setStep" desc="(I)V" line="27"><counter type="INSTRUCTION" missed="4" covered="0"/><counter type="LINE" missed="1" covered="0"/><counter type="COMPLEXITY" missed="1" covered="0"/><counter type="METHOD" missed="1" covered="0"/></method><method name="setCount" desc="(I)V" line="27"><counter type="INSTRUCTION" missed="4" covered="0"/><counter type="LINE" missed="1" covered="0"/><counter type="COMPLEXITY" missed="1" covered="0"/><counter type="METHOD" missed="1" covered="0"/></method><method name="setMaxValue" desc="(I)V" line="27"><counter type="INSTRUCTION" missed="4" covered="0"/><counter type="LINE" missed="1" covered="0"/><counter type="COMPLEXITY" missed="1" covered="0"/><counter type="METHOD" missed="1" covered="0"/></method><method name="setSum" desc="(I)V" line="27"><counter type="INSTRUCTION" missed="4" covered="0"/><counter type="LINE" missed="1" covered="0"/><counter type="COMPLEXITY" missed="1" covered="0"/><counter type="METHOD" missed="1" covered="0"/></method><counter type="INSTRUCTION" missed="132" covered="37"/><counter type="BRANCH" missed="16" covered="0"/><counter type="LINE" missed="2" covered="6"/><counter type="COMPLEXITY" missed="17" covered="7"/><counter type="METHOD" missed="9" covered="7"/><counter type="CLASS" missed="0" covered="1"/></class><class name="com/irurueta/reactorworkshop/arithmeticsequence/domain/entities/SingleArithmeticSequenceResult$SingleArithmeticSequenceResultBuilder" sourcefilename="SingleArithmeticSequenceResult.java"><method name="&lt;init&gt;" desc="()V" line="28"><counter type="INSTRUCTION" missed="0" covered="3"/><counter type="LINE" missed="0" covered="1"/><counter type="COMPLEXITY" missed="0" covered="1"/><counter type="METHOD" missed="0" covered="1"/></method><method name="minValue" desc="(I)Lcom/irurueta/reactorworkshop/arithmeticsequence/domain/entities/SingleArithmeticSequenceResult$SingleArithmeticSequenceResultBuilder;" line="28"><counter type="INSTRUCTION" missed="0" covered="5"/><counter type="LINE" missed="0" covered="1"/><counter type="COMPLEXITY" missed="0" covered="1"/><counter type="METHOD" missed="0" covered="1"/></method><method name="step" desc="(I)Lcom/irurueta/reactorworkshop/arithmeticsequence/domain/entities/SingleArithmeticSequenceResult$SingleArithmeticSequenceResultBuilder;" line="28"><counter type="INSTRUCTION" missed="0" covered="5"/><counter type="LINE" missed="0" covered="1"/><counter type="COMPLEXITY" missed="0" covered="1"/><counter type="METHOD" missed="0" covered="1"/></method><method name="count" desc="(I)Lcom/irurueta/reactorworkshop/arithmeticsequence/domain/entities/SingleArithmeticSequenceResult$SingleArithmeticSequenceResultBuilder;" line="28"><counter type="INSTRUCTION" missed="0" covered="5"/><counter type="LINE" missed="0" covered="1"/><counter type="COMPLEXITY" missed="0" covered="1"/><counter type="METHOD" missed="0" covered="1"/></method><method name="maxValue" desc="(I)Lcom/irurueta/reactorworkshop/arithmeticsequence/domain/entities/SingleArithmeticSequenceResult$SingleArithmeticSequenceResultBuilder;" line="28"><counter type="INSTRUCTION" missed="0" covered="5"/><counter type="LINE" missed="0" covered="1"/><counter type="COMPLEXITY" missed="0" covered="1"/><counter type="METHOD" missed="0" covered="1"/></method><method name="sum" desc="(I)Lcom/irurueta/reactorworkshop/arithmeticsequence/domain/entities/SingleArithmeticSequenceResult$SingleArithmeticSequenceResultBuilder;" line="28"><counter type="INSTRUCTION" missed="0" covered="5"/><counter type="LINE" missed="0" covered="1"/><counter type="COMPLEXITY" missed="0" covered="1"/><counter type="METHOD" missed="0" covered="1"/></method><method name="build" desc="()Lcom/irurueta/reactorworkshop/arithmeticsequence/domain/entities/SingleArithmeticSequenceResult;" line="28"><counter type="INSTRUCTION" missed="0" covered="14"/><counter type="LINE" missed="0" covered="1"/><counter type="COMPLEXITY" missed="0" covered="1"/><counter type="METHOD" missed="0" covered="1"/></method><method name="toString" desc="()Ljava/lang/String;" line="28"><counter type="INSTRUCTION" missed="12" covered="0"/><counter type="LINE" missed="1" covered="0"/><counter type="COMPLEXITY" missed="1" covered="0"/><counter type="METHOD" missed="1" covered="0"/></method><counter type="INSTRUCTION" missed="12" covered="42"/><counter type="LINE" missed="0" covered="1"/><counter type="COMPLEXITY" missed="1" covered="7"/><counter type="METHOD" missed="1" covered="7"/><counter type="CLASS" missed="0" covered="1"/></class><sourcefile name="SingleArithmeticSequenceResult.java"><line nr="26" mi="112" ci="0" mb="16" cb="0"/><line nr="27" mi="20" ci="0" mb="0" cb="0"/><line nr="28" mi="12" ci="64" mb="0" cb="0"/><line nr="34" mi="0" ci="3" mb="0" cb="0"/><line nr="39" mi="0" ci="3" mb="0" cb="0"/><line nr="44" mi="0" ci="3" mb="0" cb="0"/><line nr="49" mi="0" ci="3" mb="0" cb="0"/><line nr="54" mi="0" ci="3" mb="0" cb="0"/><counter type="INSTRUCTION" missed="144" covered="79"/><counter type="BRANCH" missed="16" covered="0"/><counter type="LINE" missed="2" covered="6"/><counter type="COMPLEXITY" missed="18" covered="14"/><counter type="METHOD" missed="10" covered="14"/><counter type="CLASS" missed="0" covered="2"/></sourcefile><sourcefile name="ArithmeticSequenceMethod.java"><line nr="25" mi="0" ci="11" mb="0" cb="0"/><line nr="30" mi="0" ci="7" mb="0" cb="0"/><line nr="35" mi="0" ci="7" mb="0" cb="0"/><line nr="40" mi="0" ci="5" mb="0" cb="0"/><line nr="41" mi="0" ci="9" mb="0" cb="0"/><line nr="53" mi="0" ci="4" mb="0" cb="0"/><line nr="54" mi="0" ci="3" mb="0" cb="0"/><line nr="55" mi="0" ci="1" mb="0" cb="0"/><line nr="63" mi="0" ci="3" mb="0" cb="0"/><line nr="75" mi="0" ci="11" mb="0" cb="2"/><counter type="INSTRUCTION" missed="0" covered="61"/><counter type="BRANCH" missed="0" covered="2"/><counter type="LINE" missed="0" covered="10"/><counter type="COMPLEXITY" missed="0" covered="7"/><counter type="METHOD" missed="0" covered="6"/><counter type="CLASS" missed="0" covered="1"/></sourcefile><sourcefile name="MultipleArithmeticSequenceData.java"><line nr="23" mi="113" ci="19" mb="20" cb="0"/><line nr="29" mi="0" ci="3" mb="0" cb="0"/><line nr="34" mi="0" ci="3" mb="0" cb="0"/><line nr="39" mi="0" ci="3" mb="0" cb="0"/><line nr="44" mi="0" ci="3" mb="0" cb="0"/><counter type="INSTRUCTION" missed="113" covered="31"/><counter type="BRANCH" missed="20" covered="0"/><counter type="LINE" missed="0" covered="5"/><counter type="COMPLEXITY" missed="14" covered="9"/><counter type="METHOD" missed="4" covered="9"/><counter type="CLASS" missed="0" covered="1"/></sourcefile><counter type="INSTRUCTION" missed="257" covered="171"/><counter type="BRANCH" missed="36" covered="2"/><counter type="LINE" missed="2" covered="21"/><counter type="COMPLEXITY" missed="32" covered="30"/><counter type="METHOD" missed="14" covered="29"/><counter type="CLASS" missed="0" covered="4"/></package><counter type="INSTRUCTION" missed="1839" covered="2156"/><counter type="BRANCH" missed="322" covered="93"/><counter type="LINE" missed="8" covered="437"/><counter type="COMPLEXITY" missed="243" covered="287"/><counter type="METHOD" missed="79" covered="242"/><counter type="CLASS" missed="0" covered="51"/></report>